The target system is: Linux -  - aarch64
The host system is: Linux - 6.6.87.2-microsoft-standard-WSL2 - x86_64
Compiling the C compiler identification source file "CMakeCCompilerId.c" succeeded.
Compiler: /opt/gcc-arm-10.2-2020.11-x86_64-aarch64-none-linux-gnu/bin/aarch64-none-linux-gnu-gcc 
Build flags: 
Id flags:  

The output was:
0


Compilation of the C compiler identification source "CMakeCCompilerId.c" produced "a.out"

The C compiler identification is GNU, found in "/home/apache6/apache6-sr-linux-sdk-evt1_sr_mini_v2/applications/tflite_det_app/app_build/CMakeFiles/3.16.3/CompilerIdC/a.out"

Compiling the CXX compiler identification source file "CMakeCXXCompilerId.cpp" succeeded.
Compiler: /opt/gcc-arm-10.2-2020.11-x86_64-aarch64-none-linux-gnu/bin/aarch64-none-linux-gnu-g++ 
Build flags: 
Id flags:  

The output was:
0


Compilation of the CXX compiler identification source "CMakeCXXCompilerId.cpp" produced "a.out"

The CXX compiler identification is GNU, found in "/home/apache6/apache6-sr-linux-sdk-evt1_sr_mini_v2/applications/tflite_det_app/app_build/CMakeFiles/3.16.3/CompilerIdCXX/a.out"

Determining if the C compiler works passed with the following output:
Change Dir: /home/apache6/apache6-sr-linux-sdk-evt1_sr_mini_v2/applications/tflite_det_app/app_build/CMakeFiles/CMakeTmp

Run Build Command(s):/usr/bin/make cmTC_755b2/fast && /usr/bin/make -f CMakeFiles/cmTC_755b2.dir/build.make CMakeFiles/cmTC_755b2.dir/build
make[1]: Entering directory '/home/apache6/apache6-sr-linux-sdk-evt1_sr_mini_v2/applications/tflite_det_app/app_build/CMakeFiles/CMakeTmp'
Building C object CMakeFiles/cmTC_755b2.dir/testCCompiler.c.o
/opt/gcc-arm-10.2-2020.11-x86_64-aarch64-none-linux-gnu/bin/aarch64-none-linux-gnu-gcc    -o CMakeFiles/cmTC_755b2.dir/testCCompiler.c.o   -c /home/apache6/apache6-sr-linux-sdk-evt1_sr_mini_v2/applications/tflite_det_app/app_build/CMakeFiles/CMakeTmp/testCCompiler.c
Linking C executable cmTC_755b2
/usr/bin/cmake -E cmake_link_script CMakeFiles/cmTC_755b2.dir/link.txt --verbose=1
/opt/gcc-arm-10.2-2020.11-x86_64-aarch64-none-linux-gnu/bin/aarch64-none-linux-gnu-gcc      CMakeFiles/cmTC_755b2.dir/testCCompiler.c.o  -o cmTC_755b2 
make[1]: Leaving directory '/home/apache6/apache6-sr-linux-sdk-evt1_sr_mini_v2/applications/tflite_det_app/app_build/CMakeFiles/CMakeTmp'



Detecting C compiler ABI info compiled with the following output:
Change Dir: /home/apache6/apache6-sr-linux-sdk-evt1_sr_mini_v2/applications/tflite_det_app/app_build/CMakeFiles/CMakeTmp

Run Build Command(s):/usr/bin/make cmTC_6a3f8/fast && /usr/bin/make -f CMakeFiles/cmTC_6a3f8.dir/build.make CMakeFiles/cmTC_6a3f8.dir/build
make[1]: Entering directory '/home/apache6/apache6-sr-linux-sdk-evt1_sr_mini_v2/applications/tflite_det_app/app_build/CMakeFiles/CMakeTmp'
Building C object CMakeFiles/cmTC_6a3f8.dir/CMakeCCompilerABI.c.o
/opt/gcc-arm-10.2-2020.11-x86_64-aarch64-none-linux-gnu/bin/aarch64-none-linux-gnu-gcc   -v -o CMakeFiles/cmTC_6a3f8.dir/CMakeCCompilerABI.c.o   -c /usr/share/cmake-3.16/Modules/CMakeCCompilerABI.c
Using built-in specs.
COLLECT_GCC=/opt/gcc-arm-10.2-2020.11-x86_64-aarch64-none-linux-gnu/bin/aarch64-none-linux-gnu-gcc
Target: aarch64-none-linux-gnu
Configured with: /tmp/dgboter/bbs/build04--cen7x86_64/buildbot/cen7x86_64--aarch64-none-linux-gnu/build/src/gcc/configure --target=aarch64-none-linux-gnu --prefix= --with-sysroot=/aarch64-none-linux-gnu/libc --with-build-sysroot=/tmp/dgboter/bbs/build04--cen7x86_64/buildbot/cen7x86_64--aarch64-none-linux-gnu/build/build-aarch64-none-linux-gnu/install//aarch64-none-linux-gnu/libc --with-bugurl=https://bugs.linaro.org/ --enable-gnu-indirect-function --enable-shared --disable-libssp --disable-libmudflap --enable-checking=release --enable-languages=c,c++,fortran --with-gmp=/tmp/dgboter/bbs/build04--cen7x86_64/buildbot/cen7x86_64--aarch64-none-linux-gnu/build/build-aarch64-none-linux-gnu/host-tools --with-mpfr=/tmp/dgboter/bbs/build04--cen7x86_64/buildbot/cen7x86_64--aarch64-none-linux-gnu/build/build-aarch64-none-linux-gnu/host-tools --with-mpc=/tmp/dgboter/bbs/build04--cen7x86_64/buildbot/cen7x86_64--aarch64-none-linux-gnu/build/build-aarch64-none-linux-gnu/host-tools --with-isl=/tmp/dgboter/bbs/build04--cen7x86_64/buildbot/cen7x86_64--aarch64-none-linux-gnu/build/build-aarch64-none-linux-gnu/host-tools --enable-fix-cortex-a53-843419 --with-pkgversion='GNU Toolchain for the A-profile Architecture 10.2-2020.11 (arm-10.16)'
Thread model: posix
Supported LTO compression algorithms: zlib
gcc version 10.2.1 20201103 (GNU Toolchain for the A-profile Architecture 10.2-2020.11 (arm-10.16)) 
COLLECT_GCC_OPTIONS='-v' '-o' 'CMakeFiles/cmTC_6a3f8.dir/CMakeCCompilerABI.c.o' '-c' '-mlittle-endian' '-mabi=lp64'
 /opt/gcc-arm-10.2-2020.11-x86_64-aarch64-none-linux-gnu/bin/../libexec/gcc/aarch64-none-linux-gnu/10.2.1/cc1 -quiet -v -iprefix /opt/gcc-arm-10.2-2020.11-x86_64-aarch64-none-linux-gnu/bin/../lib/gcc/aarch64-none-linux-gnu/10.2.1/ -isysroot /opt/gcc-arm-10.2-2020.11-x86_64-aarch64-none-linux-gnu/bin/../aarch64-none-linux-gnu/libc /usr/share/cmake-3.16/Modules/CMakeCCompilerABI.c -quiet -dumpbase CMakeCCompilerABI.c -mlittle-endian -mabi=lp64 -auxbase-strip CMakeFiles/cmTC_6a3f8.dir/CMakeCCompilerABI.c.o -version -o /tmp/cc8G1jNu.s
GNU C17 (GNU Toolchain for the A-profile Architecture 10.2-2020.11 (arm-10.16)) version 10.2.1 20201103 (aarch64-none-linux-gnu)
	compiled by GNU C version 4.8.5 20150623 (Red Hat 4.8.5-39), GMP version 4.3.2, MPFR version 3.1.6, MPC version 1.0.3, isl version isl-0.15-1-g835ea3a-GMP

GGC heuristics: --param ggc-min-expand=100 --param ggc-min-heapsize=131072
ignoring duplicate directory "/opt/gcc-arm-10.2-2020.11-x86_64-aarch64-none-linux-gnu/bin/../lib/gcc/../../lib/gcc/aarch64-none-linux-gnu/10.2.1/include"
ignoring nonexistent directory "/opt/gcc-arm-10.2-2020.11-x86_64-aarch64-none-linux-gnu/bin/../aarch64-none-linux-gnu/libc/usr/local/include"
ignoring duplicate directory "/opt/gcc-arm-10.2-2020.11-x86_64-aarch64-none-linux-gnu/bin/../lib/gcc/../../lib/gcc/aarch64-none-linux-gnu/10.2.1/include-fixed"
ignoring duplicate directory "/opt/gcc-arm-10.2-2020.11-x86_64-aarch64-none-linux-gnu/bin/../lib/gcc/../../lib/gcc/aarch64-none-linux-gnu/10.2.1/../../../../aarch64-none-linux-gnu/include"
#include "..." search starts here:
#include <...> search starts here:
 /opt/gcc-arm-10.2-2020.11-x86_64-aarch64-none-linux-gnu/bin/../lib/gcc/aarch64-none-linux-gnu/10.2.1/include
 /opt/gcc-arm-10.2-2020.11-x86_64-aarch64-none-linux-gnu/bin/../lib/gcc/aarch64-none-linux-gnu/10.2.1/include-fixed
 /opt/gcc-arm-10.2-2020.11-x86_64-aarch64-none-linux-gnu/bin/../lib/gcc/aarch64-none-linux-gnu/10.2.1/../../../../aarch64-none-linux-gnu/include
 /opt/gcc-arm-10.2-2020.11-x86_64-aarch64-none-linux-gnu/bin/../aarch64-none-linux-gnu/libc/usr/include
End of search list.
GNU C17 (GNU Toolchain for the A-profile Architecture 10.2-2020.11 (arm-10.16)) version 10.2.1 20201103 (aarch64-none-linux-gnu)
	compiled by GNU C version 4.8.5 20150623 (Red Hat 4.8.5-39), GMP version 4.3.2, MPFR version 3.1.6, MPC version 1.0.3, isl version isl-0.15-1-g835ea3a-GMP

GGC heuristics: --param ggc-min-expand=100 --param ggc-min-heapsize=131072
Compiler executable checksum: 557171e29d60cade6f40fa125520c8f9
COLLECT_GCC_OPTIONS='-v' '-o' 'CMakeFiles/cmTC_6a3f8.dir/CMakeCCompilerABI.c.o' '-c' '-mlittle-endian' '-mabi=lp64'
 /opt/gcc-arm-10.2-2020.11-x86_64-aarch64-none-linux-gnu/bin/../lib/gcc/aarch64-none-linux-gnu/10.2.1/../../../../aarch64-none-linux-gnu/bin/as -v -EL -mabi=lp64 -o CMakeFiles/cmTC_6a3f8.dir/CMakeCCompilerABI.c.o /tmp/cc8G1jNu.s
GNU assembler version 2.35.1 (aarch64-none-linux-gnu) using BFD version (GNU Toolchain for the A-profile Architecture 10.2-2020.11 (arm-10.16)) 2.35.1.20201028
COMPILER_PATH=/opt/gcc-arm-10.2-2020.11-x86_64-aarch64-none-linux-gnu/bin/../libexec/gcc/aarch64-none-linux-gnu/10.2.1/:/opt/gcc-arm-10.2-2020.11-x86_64-aarch64-none-linux-gnu/bin/../libexec/gcc/:/opt/gcc-arm-10.2-2020.11-x86_64-aarch64-none-linux-gnu/bin/../lib/gcc/aarch64-none-linux-gnu/10.2.1/../../../../aarch64-none-linux-gnu/bin/
LIBRARY_PATH=/opt/gcc-arm-10.2-2020.11-x86_64-aarch64-none-linux-gnu/bin/../lib/gcc/aarch64-none-linux-gnu/10.2.1/:/opt/gcc-arm-10.2-2020.11-x86_64-aarch64-none-linux-gnu/bin/../lib/gcc/:/opt/gcc-arm-10.2-2020.11-x86_64-aarch64-none-linux-gnu/bin/../lib/gcc/aarch64-none-linux-gnu/10.2.1/../../../../aarch64-none-linux-gnu/lib/../lib64/:/opt/gcc-arm-10.2-2020.11-x86_64-aarch64-none-linux-gnu/bin/../aarch64-none-linux-gnu/libc/lib/../lib64/:/opt/gcc-arm-10.2-2020.11-x86_64-aarch64-none-linux-gnu/bin/../aarch64-none-linux-gnu/libc/usr/lib/../lib64/:/opt/gcc-arm-10.2-2020.11-x86_64-aarch64-none-linux-gnu/bin/../lib/gcc/aarch64-none-linux-gnu/10.2.1/../../../../aarch64-none-linux-gnu/lib/:/opt/gcc-arm-10.2-2020.11-x86_64-aarch64-none-linux-gnu/bin/../aarch64-none-linux-gnu/libc/lib/:/opt/gcc-arm-10.2-2020.11-x86_64-aarch64-none-linux-gnu/bin/../aarch64-none-linux-gnu/libc/usr/lib/
COLLECT_GCC_OPTIONS='-v' '-o' 'CMakeFiles/cmTC_6a3f8.dir/CMakeCCompilerABI.c.o' '-c' '-mlittle-endian' '-mabi=lp64'
Linking C executable cmTC_6a3f8
/usr/bin/cmake -E cmake_link_script CMakeFiles/cmTC_6a3f8.dir/link.txt --verbose=1
/opt/gcc-arm-10.2-2020.11-x86_64-aarch64-none-linux-gnu/bin/aarch64-none-linux-gnu-gcc     -v CMakeFiles/cmTC_6a3f8.dir/CMakeCCompilerABI.c.o  -o cmTC_6a3f8 
Using built-in specs.
COLLECT_GCC=/opt/gcc-arm-10.2-2020.11-x86_64-aarch64-none-linux-gnu/bin/aarch64-none-linux-gnu-gcc
COLLECT_LTO_WRAPPER=/opt/gcc-arm-10.2-2020.11-x86_64-aarch64-none-linux-gnu/bin/../libexec/gcc/aarch64-none-linux-gnu/10.2.1/lto-wrapper
Target: aarch64-none-linux-gnu
Configured with: /tmp/dgboter/bbs/build04--cen7x86_64/buildbot/cen7x86_64--aarch64-none-linux-gnu/build/src/gcc/configure --target=aarch64-none-linux-gnu --prefix= --with-sysroot=/aarch64-none-linux-gnu/libc --with-build-sysroot=/tmp/dgboter/bbs/build04--cen7x86_64/buildbot/cen7x86_64--aarch64-none-linux-gnu/build/build-aarch64-none-linux-gnu/install//aarch64-none-linux-gnu/libc --with-bugurl=https://bugs.linaro.org/ --enable-gnu-indirect-function --enable-shared --disable-libssp --disable-libmudflap --enable-checking=release --enable-languages=c,c++,fortran --with-gmp=/tmp/dgboter/bbs/build04--cen7x86_64/buildbot/cen7x86_64--aarch64-none-linux-gnu/build/build-aarch64-none-linux-gnu/host-tools --with-mpfr=/tmp/dgboter/bbs/build04--cen7x86_64/buildbot/cen7x86_64--aarch64-none-linux-gnu/build/build-aarch64-none-linux-gnu/host-tools --with-mpc=/tmp/dgboter/bbs/build04--cen7x86_64/buildbot/cen7x86_64--aarch64-none-linux-gnu/build/build-aarch64-none-linux-gnu/host-tools --with-isl=/tmp/dgboter/bbs/build04--cen7x86_64/buildbot/cen7x86_64--aarch64-none-linux-gnu/build/build-aarch64-none-linux-gnu/host-tools --enable-fix-cortex-a53-843419 --with-pkgversion='GNU Toolchain for the A-profile Architecture 10.2-2020.11 (arm-10.16)'
Thread model: posix
Supported LTO compression algorithms: zlib
gcc version 10.2.1 20201103 (GNU Toolchain for the A-profile Architecture 10.2-2020.11 (arm-10.16)) 
COMPILER_PATH=/opt/gcc-arm-10.2-2020.11-x86_64-aarch64-none-linux-gnu/bin/../libexec/gcc/aarch64-none-linux-gnu/10.2.1/:/opt/gcc-arm-10.2-2020.11-x86_64-aarch64-none-linux-gnu/bin/../libexec/gcc/:/opt/gcc-arm-10.2-2020.11-x86_64-aarch64-none-linux-gnu/bin/../lib/gcc/aarch64-none-linux-gnu/10.2.1/../../../../aarch64-none-linux-gnu/bin/
LIBRARY_PATH=/opt/gcc-arm-10.2-2020.11-x86_64-aarch64-none-linux-gnu/bin/../lib/gcc/aarch64-none-linux-gnu/10.2.1/:/opt/gcc-arm-10.2-2020.11-x86_64-aarch64-none-linux-gnu/bin/../lib/gcc/:/opt/gcc-arm-10.2-2020.11-x86_64-aarch64-none-linux-gnu/bin/../lib/gcc/aarch64-none-linux-gnu/10.2.1/../../../../aarch64-none-linux-gnu/lib/../lib64/:/opt/gcc-arm-10.2-2020.11-x86_64-aarch64-none-linux-gnu/bin/../aarch64-none-linux-gnu/libc/lib/../lib64/:/opt/gcc-arm-10.2-2020.11-x86_64-aarch64-none-linux-gnu/bin/../aarch64-none-linux-gnu/libc/usr/lib/../lib64/:/opt/gcc-arm-10.2-2020.11-x86_64-aarch64-none-linux-gnu/bin/../lib/gcc/aarch64-none-linux-gnu/10.2.1/../../../../aarch64-none-linux-gnu/lib/:/opt/gcc-arm-10.2-2020.11-x86_64-aarch64-none-linux-gnu/bin/../aarch64-none-linux-gnu/libc/lib/:/opt/gcc-arm-10.2-2020.11-x86_64-aarch64-none-linux-gnu/bin/../aarch64-none-linux-gnu/libc/usr/lib/
COLLECT_GCC_OPTIONS='-v' '-o' 'cmTC_6a3f8' '-mlittle-endian' '-mabi=lp64'
 /opt/gcc-arm-10.2-2020.11-x86_64-aarch64-none-linux-gnu/bin/../libexec/gcc/aarch64-none-linux-gnu/10.2.1/collect2 -plugin /opt/gcc-arm-10.2-2020.11-x86_64-aarch64-none-linux-gnu/bin/../libexec/gcc/aarch64-none-linux-gnu/10.2.1/liblto_plugin.so -plugin-opt=/opt/gcc-arm-10.2-2020.11-x86_64-aarch64-none-linux-gnu/bin/../libexec/gcc/aarch64-none-linux-gnu/10.2.1/lto-wrapper -plugin-opt=-fresolution=/tmp/ccQiDOHW.res -plugin-opt=-pass-through=-lgcc -plugin-opt=-pass-through=-lgcc_s -plugin-opt=-pass-through=-lc -plugin-opt=-pass-through=-lgcc -plugin-opt=-pass-through=-lgcc_s --sysroot=/opt/gcc-arm-10.2-2020.11-x86_64-aarch64-none-linux-gnu/bin/../aarch64-none-linux-gnu/libc --eh-frame-hdr -dynamic-linker /lib/ld-linux-aarch64.so.1 -X -EL -maarch64linux --fix-cortex-a53-843419 -o cmTC_6a3f8 /opt/gcc-arm-10.2-2020.11-x86_64-aarch64-none-linux-gnu/bin/../aarch64-none-linux-gnu/libc/usr/lib/../lib64/crt1.o /opt/gcc-arm-10.2-2020.11-x86_64-aarch64-none-linux-gnu/bin/../aarch64-none-linux-gnu/libc/usr/lib/../lib64/crti.o /opt/gcc-arm-10.2-2020.11-x86_64-aarch64-none-linux-gnu/bin/../lib/gcc/aarch64-none-linux-gnu/10.2.1/crtbegin.o -L/opt/gcc-arm-10.2-2020.11-x86_64-aarch64-none-linux-gnu/bin/../lib/gcc/aarch64-none-linux-gnu/10.2.1 -L/opt/gcc-arm-10.2-2020.11-x86_64-aarch64-none-linux-gnu/bin/../lib/gcc -L/opt/gcc-arm-10.2-2020.11-x86_64-aarch64-none-linux-gnu/bin/../lib/gcc/aarch64-none-linux-gnu/10.2.1/../../../../aarch64-none-linux-gnu/lib/../lib64 -L/opt/gcc-arm-10.2-2020.11-x86_64-aarch64-none-linux-gnu/bin/../aarch64-none-linux-gnu/libc/lib/../lib64 -L/opt/gcc-arm-10.2-2020.11-x86_64-aarch64-none-linux-gnu/bin/../aarch64-none-linux-gnu/libc/usr/lib/../lib64 -L/opt/gcc-arm-10.2-2020.11-x86_64-aarch64-none-linux-gnu/bin/../lib/gcc/aarch64-none-linux-gnu/10.2.1/../../../../aarch64-none-linux-gnu/lib -L/opt/gcc-arm-10.2-2020.11-x86_64-aarch64-none-linux-gnu/bin/../aarch64-none-linux-gnu/libc/lib -L/opt/gcc-arm-10.2-2020.11-x86_64-aarch64-none-linux-gnu/bin/../aarch64-none-linux-gnu/libc/usr/lib CMakeFiles/cmTC_6a3f8.dir/CMakeCCompilerABI.c.o -lgcc --push-state --as-needed -lgcc_s --pop-state -lc -lgcc --push-state --as-needed -lgcc_s --pop-state /opt/gcc-arm-10.2-2020.11-x86_64-aarch64-none-linux-gnu/bin/../lib/gcc/aarch64-none-linux-gnu/10.2.1/crtend.o /opt/gcc-arm-10.2-2020.11-x86_64-aarch64-none-linux-gnu/bin/../aarch64-none-linux-gnu/libc/usr/lib/../lib64/crtn.o
COLLECT_GCC_OPTIONS='-v' '-o' 'cmTC_6a3f8' '-mlittle-endian' '-mabi=lp64'
make[1]: Leaving directory '/home/apache6/apache6-sr-linux-sdk-evt1_sr_mini_v2/applications/tflite_det_app/app_build/CMakeFiles/CMakeTmp'



Parsed C implicit include dir info from above output: rv=done
  found start of include info
  found start of implicit include info
    add: [/opt/gcc-arm-10.2-2020.11-x86_64-aarch64-none-linux-gnu/bin/../lib/gcc/aarch64-none-linux-gnu/10.2.1/include]
    add: [/opt/gcc-arm-10.2-2020.11-x86_64-aarch64-none-linux-gnu/bin/../lib/gcc/aarch64-none-linux-gnu/10.2.1/include-fixed]
    add: [/opt/gcc-arm-10.2-2020.11-x86_64-aarch64-none-linux-gnu/bin/../lib/gcc/aarch64-none-linux-gnu/10.2.1/../../../../aarch64-none-linux-gnu/include]
    add: [/opt/gcc-arm-10.2-2020.11-x86_64-aarch64-none-linux-gnu/bin/../aarch64-none-linux-gnu/libc/usr/include]
  end of search list found
  collapse include dir [/opt/gcc-arm-10.2-2020.11-x86_64-aarch64-none-linux-gnu/bin/../lib/gcc/aarch64-none-linux-gnu/10.2.1/include] ==> [/opt/gcc-arm-10.2-2020.11-x86_64-aarch64-none-linux-gnu/lib/gcc/aarch64-none-linux-gnu/10.2.1/include]
  collapse include dir [/opt/gcc-arm-10.2-2020.11-x86_64-aarch64-none-linux-gnu/bin/../lib/gcc/aarch64-none-linux-gnu/10.2.1/include-fixed] ==> [/opt/gcc-arm-10.2-2020.11-x86_64-aarch64-none-linux-gnu/lib/gcc/aarch64-none-linux-gnu/10.2.1/include-fixed]
  collapse include dir [/opt/gcc-arm-10.2-2020.11-x86_64-aarch64-none-linux-gnu/bin/../lib/gcc/aarch64-none-linux-gnu/10.2.1/../../../../aarch64-none-linux-gnu/include] ==> [/opt/gcc-arm-10.2-2020.11-x86_64-aarch64-none-linux-gnu/aarch64-none-linux-gnu/include]
  collapse include dir [/opt/gcc-arm-10.2-2020.11-x86_64-aarch64-none-linux-gnu/bin/../aarch64-none-linux-gnu/libc/usr/include] ==> [/opt/gcc-arm-10.2-2020.11-x86_64-aarch64-none-linux-gnu/aarch64-none-linux-gnu/libc/usr/include]
  implicit include dirs: [/opt/gcc-arm-10.2-2020.11-x86_64-aarch64-none-linux-gnu/lib/gcc/aarch64-none-linux-gnu/10.2.1/include;/opt/gcc-arm-10.2-2020.11-x86_64-aarch64-none-linux-gnu/lib/gcc/aarch64-none-linux-gnu/10.2.1/include-fixed;/opt/gcc-arm-10.2-2020.11-x86_64-aarch64-none-linux-gnu/aarch64-none-linux-gnu/include;/opt/gcc-arm-10.2-2020.11-x86_64-aarch64-none-linux-gnu/aarch64-none-linux-gnu/libc/usr/include]


Parsed C implicit link information from above output:
  link line regex: [^( *|.*[/\])(aarch64-none-linux-gnu-ld|CMAKE_LINK_STARTFILE-NOTFOUND|([^/\]+-)?ld|collect2)[^/\]*( |$)]
  ignore line: [Change Dir: /home/apache6/apache6-sr-linux-sdk-evt1_sr_mini_v2/applications/tflite_det_app/app_build/CMakeFiles/CMakeTmp]
  ignore line: []
  ignore line: [Run Build Command(s):/usr/bin/make cmTC_6a3f8/fast && /usr/bin/make -f CMakeFiles/cmTC_6a3f8.dir/build.make CMakeFiles/cmTC_6a3f8.dir/build]
  ignore line: [make[1]: Entering directory '/home/apache6/apache6-sr-linux-sdk-evt1_sr_mini_v2/applications/tflite_det_app/app_build/CMakeFiles/CMakeTmp']
  ignore line: [Building C object CMakeFiles/cmTC_6a3f8.dir/CMakeCCompilerABI.c.o]
  ignore line: [/opt/gcc-arm-10.2-2020.11-x86_64-aarch64-none-linux-gnu/bin/aarch64-none-linux-gnu-gcc   -v -o CMakeFiles/cmTC_6a3f8.dir/CMakeCCompilerABI.c.o   -c /usr/share/cmake-3.16/Modules/CMakeCCompilerABI.c]
  ignore line: [Using built-in specs.]
  ignore line: [COLLECT_GCC=/opt/gcc-arm-10.2-2020.11-x86_64-aarch64-none-linux-gnu/bin/aarch64-none-linux-gnu-gcc]
  ignore line: [Target: aarch64-none-linux-gnu]
  ignore line: [Configured with: /tmp/dgboter/bbs/build04--cen7x86_64/buildbot/cen7x86_64--aarch64-none-linux-gnu/build/src/gcc/configure --target=aarch64-none-linux-gnu --prefix= --with-sysroot=/aarch64-none-linux-gnu/libc --with-build-sysroot=/tmp/dgboter/bbs/build04--cen7x86_64/buildbot/cen7x86_64--aarch64-none-linux-gnu/build/build-aarch64-none-linux-gnu/install//aarch64-none-linux-gnu/libc --with-bugurl=https://bugs.linaro.org/ --enable-gnu-indirect-function --enable-shared --disable-libssp --disable-libmudflap --enable-checking=release --enable-languages=c c++ fortran --with-gmp=/tmp/dgboter/bbs/build04--cen7x86_64/buildbot/cen7x86_64--aarch64-none-linux-gnu/build/build-aarch64-none-linux-gnu/host-tools --with-mpfr=/tmp/dgboter/bbs/build04--cen7x86_64/buildbot/cen7x86_64--aarch64-none-linux-gnu/build/build-aarch64-none-linux-gnu/host-tools --with-mpc=/tmp/dgboter/bbs/build04--cen7x86_64/buildbot/cen7x86_64--aarch64-none-linux-gnu/build/build-aarch64-none-linux-gnu/host-tools --with-isl=/tmp/dgboter/bbs/build04--cen7x86_64/buildbot/cen7x86_64--aarch64-none-linux-gnu/build/build-aarch64-none-linux-gnu/host-tools --enable-fix-cortex-a53-843419 --with-pkgversion='GNU Toolchain for the A-profile Architecture 10.2-2020.11 (arm-10.16)']
  ignore line: [Thread model: posix]
  ignore line: [Supported LTO compression algorithms: zlib]
  ignore line: [gcc version 10.2.1 20201103 (GNU Toolchain for the A-profile Architecture 10.2-2020.11 (arm-10.16)) ]
  ignore line: [COLLECT_GCC_OPTIONS='-v' '-o' 'CMakeFiles/cmTC_6a3f8.dir/CMakeCCompilerABI.c.o' '-c' '-mlittle-endian' '-mabi=lp64']
  ignore line: [ /opt/gcc-arm-10.2-2020.11-x86_64-aarch64-none-linux-gnu/bin/../libexec/gcc/aarch64-none-linux-gnu/10.2.1/cc1 -quiet -v -iprefix /opt/gcc-arm-10.2-2020.11-x86_64-aarch64-none-linux-gnu/bin/../lib/gcc/aarch64-none-linux-gnu/10.2.1/ -isysroot /opt/gcc-arm-10.2-2020.11-x86_64-aarch64-none-linux-gnu/bin/../aarch64-none-linux-gnu/libc /usr/share/cmake-3.16/Modules/CMakeCCompilerABI.c -quiet -dumpbase CMakeCCompilerABI.c -mlittle-endian -mabi=lp64 -auxbase-strip CMakeFiles/cmTC_6a3f8.dir/CMakeCCompilerABI.c.o -version -o /tmp/cc8G1jNu.s]
  ignore line: [GNU C17 (GNU Toolchain for the A-profile Architecture 10.2-2020.11 (arm-10.16)) version 10.2.1 20201103 (aarch64-none-linux-gnu)]
  ignore line: [	compiled by GNU C version 4.8.5 20150623 (Red Hat 4.8.5-39)  GMP version 4.3.2  MPFR version 3.1.6  MPC version 1.0.3  isl version isl-0.15-1-g835ea3a-GMP]
  ignore line: []
  ignore line: [GGC heuristics: --param ggc-min-expand=100 --param ggc-min-heapsize=131072]
  ignore line: [ignoring duplicate directory "/opt/gcc-arm-10.2-2020.11-x86_64-aarch64-none-linux-gnu/bin/../lib/gcc/../../lib/gcc/aarch64-none-linux-gnu/10.2.1/include"]
  ignore line: [ignoring nonexistent directory "/opt/gcc-arm-10.2-2020.11-x86_64-aarch64-none-linux-gnu/bin/../aarch64-none-linux-gnu/libc/usr/local/include"]
  ignore line: [ignoring duplicate directory "/opt/gcc-arm-10.2-2020.11-x86_64-aarch64-none-linux-gnu/bin/../lib/gcc/../../lib/gcc/aarch64-none-linux-gnu/10.2.1/include-fixed"]
  ignore line: [ignoring duplicate directory "/opt/gcc-arm-10.2-2020.11-x86_64-aarch64-none-linux-gnu/bin/../lib/gcc/../../lib/gcc/aarch64-none-linux-gnu/10.2.1/../../../../aarch64-none-linux-gnu/include"]
  ignore line: [#include "..." search starts here:]
  ignore line: [#include <...> search starts here:]
  ignore line: [ /opt/gcc-arm-10.2-2020.11-x86_64-aarch64-none-linux-gnu/bin/../lib/gcc/aarch64-none-linux-gnu/10.2.1/include]
  ignore line: [ /opt/gcc-arm-10.2-2020.11-x86_64-aarch64-none-linux-gnu/bin/../lib/gcc/aarch64-none-linux-gnu/10.2.1/include-fixed]
  ignore line: [ /opt/gcc-arm-10.2-2020.11-x86_64-aarch64-none-linux-gnu/bin/../lib/gcc/aarch64-none-linux-gnu/10.2.1/../../../../aarch64-none-linux-gnu/include]
  ignore line: [ /opt/gcc-arm-10.2-2020.11-x86_64-aarch64-none-linux-gnu/bin/../aarch64-none-linux-gnu/libc/usr/include]
  ignore line: [End of search list.]
  ignore line: [GNU C17 (GNU Toolchain for the A-profile Architecture 10.2-2020.11 (arm-10.16)) version 10.2.1 20201103 (aarch64-none-linux-gnu)]
  ignore line: [	compiled by GNU C version 4.8.5 20150623 (Red Hat 4.8.5-39)  GMP version 4.3.2  MPFR version 3.1.6  MPC version 1.0.3  isl version isl-0.15-1-g835ea3a-GMP]
  ignore line: []
  ignore line: [GGC heuristics: --param ggc-min-expand=100 --param ggc-min-heapsize=131072]
  ignore line: [Compiler executable checksum: 557171e29d60cade6f40fa125520c8f9]
  ignore line: [COLLECT_GCC_OPTIONS='-v' '-o' 'CMakeFiles/cmTC_6a3f8.dir/CMakeCCompilerABI.c.o' '-c' '-mlittle-endian' '-mabi=lp64']
  ignore line: [ /opt/gcc-arm-10.2-2020.11-x86_64-aarch64-none-linux-gnu/bin/../lib/gcc/aarch64-none-linux-gnu/10.2.1/../../../../aarch64-none-linux-gnu/bin/as -v -EL -mabi=lp64 -o CMakeFiles/cmTC_6a3f8.dir/CMakeCCompilerABI.c.o /tmp/cc8G1jNu.s]
  ignore line: [GNU assembler version 2.35.1 (aarch64-none-linux-gnu) using BFD version (GNU Toolchain for the A-profile Architecture 10.2-2020.11 (arm-10.16)) 2.35.1.20201028]
  ignore line: [COMPILER_PATH=/opt/gcc-arm-10.2-2020.11-x86_64-aarch64-none-linux-gnu/bin/../libexec/gcc/aarch64-none-linux-gnu/10.2.1/:/opt/gcc-arm-10.2-2020.11-x86_64-aarch64-none-linux-gnu/bin/../libexec/gcc/:/opt/gcc-arm-10.2-2020.11-x86_64-aarch64-none-linux-gnu/bin/../lib/gcc/aarch64-none-linux-gnu/10.2.1/../../../../aarch64-none-linux-gnu/bin/]
  ignore line: [LIBRARY_PATH=/opt/gcc-arm-10.2-2020.11-x86_64-aarch64-none-linux-gnu/bin/../lib/gcc/aarch64-none-linux-gnu/10.2.1/:/opt/gcc-arm-10.2-2020.11-x86_64-aarch64-none-linux-gnu/bin/../lib/gcc/:/opt/gcc-arm-10.2-2020.11-x86_64-aarch64-none-linux-gnu/bin/../lib/gcc/aarch64-none-linux-gnu/10.2.1/../../../../aarch64-none-linux-gnu/lib/../lib64/:/opt/gcc-arm-10.2-2020.11-x86_64-aarch64-none-linux-gnu/bin/../aarch64-none-linux-gnu/libc/lib/../lib64/:/opt/gcc-arm-10.2-2020.11-x86_64-aarch64-none-linux-gnu/bin/../aarch64-none-linux-gnu/libc/usr/lib/../lib64/:/opt/gcc-arm-10.2-2020.11-x86_64-aarch64-none-linux-gnu/bin/../lib/gcc/aarch64-none-linux-gnu/10.2.1/../../../../aarch64-none-linux-gnu/lib/:/opt/gcc-arm-10.2-2020.11-x86_64-aarch64-none-linux-gnu/bin/../aarch64-none-linux-gnu/libc/lib/:/opt/gcc-arm-10.2-2020.11-x86_64-aarch64-none-linux-gnu/bin/../aarch64-none-linux-gnu/libc/usr/lib/]
  ignore line: [COLLECT_GCC_OPTIONS='-v' '-o' 'CMakeFiles/cmTC_6a3f8.dir/CMakeCCompilerABI.c.o' '-c' '-mlittle-endian' '-mabi=lp64']
  ignore line: [Linking C executable cmTC_6a3f8]
  ignore line: [/usr/bin/cmake -E cmake_link_script CMakeFiles/cmTC_6a3f8.dir/link.txt --verbose=1]
  ignore line: [/opt/gcc-arm-10.2-2020.11-x86_64-aarch64-none-linux-gnu/bin/aarch64-none-linux-gnu-gcc     -v CMakeFiles/cmTC_6a3f8.dir/CMakeCCompilerABI.c.o  -o cmTC_6a3f8 ]
  ignore line: [Using built-in specs.]
  ignore line: [COLLECT_GCC=/opt/gcc-arm-10.2-2020.11-x86_64-aarch64-none-linux-gnu/bin/aarch64-none-linux-gnu-gcc]
  ignore line: [COLLECT_LTO_WRAPPER=/opt/gcc-arm-10.2-2020.11-x86_64-aarch64-none-linux-gnu/bin/../libexec/gcc/aarch64-none-linux-gnu/10.2.1/lto-wrapper]
  ignore line: [Target: aarch64-none-linux-gnu]
  ignore line: [Configured with: /tmp/dgboter/bbs/build04--cen7x86_64/buildbot/cen7x86_64--aarch64-none-linux-gnu/build/src/gcc/configure --target=aarch64-none-linux-gnu --prefix= --with-sysroot=/aarch64-none-linux-gnu/libc --with-build-sysroot=/tmp/dgboter/bbs/build04--cen7x86_64/buildbot/cen7x86_64--aarch64-none-linux-gnu/build/build-aarch64-none-linux-gnu/install//aarch64-none-linux-gnu/libc --with-bugurl=https://bugs.linaro.org/ --enable-gnu-indirect-function --enable-shared --disable-libssp --disable-libmudflap --enable-checking=release --enable-languages=c c++ fortran --with-gmp=/tmp/dgboter/bbs/build04--cen7x86_64/buildbot/cen7x86_64--aarch64-none-linux-gnu/build/build-aarch64-none-linux-gnu/host-tools --with-mpfr=/tmp/dgboter/bbs/build04--cen7x86_64/buildbot/cen7x86_64--aarch64-none-linux-gnu/build/build-aarch64-none-linux-gnu/host-tools --with-mpc=/tmp/dgboter/bbs/build04--cen7x86_64/buildbot/cen7x86_64--aarch64-none-linux-gnu/build/build-aarch64-none-linux-gnu/host-tools --with-isl=/tmp/dgboter/bbs/build04--cen7x86_64/buildbot/cen7x86_64--aarch64-none-linux-gnu/build/build-aarch64-none-linux-gnu/host-tools --enable-fix-cortex-a53-843419 --with-pkgversion='GNU Toolchain for the A-profile Architecture 10.2-2020.11 (arm-10.16)']
  ignore line: [Thread model: posix]
  ignore line: [Supported LTO compression algorithms: zlib]
  ignore line: [gcc version 10.2.1 20201103 (GNU Toolchain for the A-profile Architecture 10.2-2020.11 (arm-10.16)) ]
  ignore line: [COMPILER_PATH=/opt/gcc-arm-10.2-2020.11-x86_64-aarch64-none-linux-gnu/bin/../libexec/gcc/aarch64-none-linux-gnu/10.2.1/:/opt/gcc-arm-10.2-2020.11-x86_64-aarch64-none-linux-gnu/bin/../libexec/gcc/:/opt/gcc-arm-10.2-2020.11-x86_64-aarch64-none-linux-gnu/bin/../lib/gcc/aarch64-none-linux-gnu/10.2.1/../../../../aarch64-none-linux-gnu/bin/]
  ignore line: [LIBRARY_PATH=/opt/gcc-arm-10.2-2020.11-x86_64-aarch64-none-linux-gnu/bin/../lib/gcc/aarch64-none-linux-gnu/10.2.1/:/opt/gcc-arm-10.2-2020.11-x86_64-aarch64-none-linux-gnu/bin/../lib/gcc/:/opt/gcc-arm-10.2-2020.11-x86_64-aarch64-none-linux-gnu/bin/../lib/gcc/aarch64-none-linux-gnu/10.2.1/../../../../aarch64-none-linux-gnu/lib/../lib64/:/opt/gcc-arm-10.2-2020.11-x86_64-aarch64-none-linux-gnu/bin/../aarch64-none-linux-gnu/libc/lib/../lib64/:/opt/gcc-arm-10.2-2020.11-x86_64-aarch64-none-linux-gnu/bin/../aarch64-none-linux-gnu/libc/usr/lib/../lib64/:/opt/gcc-arm-10.2-2020.11-x86_64-aarch64-none-linux-gnu/bin/../lib/gcc/aarch64-none-linux-gnu/10.2.1/../../../../aarch64-none-linux-gnu/lib/:/opt/gcc-arm-10.2-2020.11-x86_64-aarch64-none-linux-gnu/bin/../aarch64-none-linux-gnu/libc/lib/:/opt/gcc-arm-10.2-2020.11-x86_64-aarch64-none-linux-gnu/bin/../aarch64-none-linux-gnu/libc/usr/lib/]
  ignore line: [COLLECT_GCC_OPTIONS='-v' '-o' 'cmTC_6a3f8' '-mlittle-endian' '-mabi=lp64']
  link line: [ /opt/gcc-arm-10.2-2020.11-x86_64-aarch64-none-linux-gnu/bin/../libexec/gcc/aarch64-none-linux-gnu/10.2.1/collect2 -plugin /opt/gcc-arm-10.2-2020.11-x86_64-aarch64-none-linux-gnu/bin/../libexec/gcc/aarch64-none-linux-gnu/10.2.1/liblto_plugin.so -plugin-opt=/opt/gcc-arm-10.2-2020.11-x86_64-aarch64-none-linux-gnu/bin/../libexec/gcc/aarch64-none-linux-gnu/10.2.1/lto-wrapper -plugin-opt=-fresolution=/tmp/ccQiDOHW.res -plugin-opt=-pass-through=-lgcc -plugin-opt=-pass-through=-lgcc_s -plugin-opt=-pass-through=-lc -plugin-opt=-pass-through=-lgcc -plugin-opt=-pass-through=-lgcc_s --sysroot=/opt/gcc-arm-10.2-2020.11-x86_64-aarch64-none-linux-gnu/bin/../aarch64-none-linux-gnu/libc --eh-frame-hdr -dynamic-linker /lib/ld-linux-aarch64.so.1 -X -EL -maarch64linux --fix-cortex-a53-843419 -o cmTC_6a3f8 /opt/gcc-arm-10.2-2020.11-x86_64-aarch64-none-linux-gnu/bin/../aarch64-none-linux-gnu/libc/usr/lib/../lib64/crt1.o /opt/gcc-arm-10.2-2020.11-x86_64-aarch64-none-linux-gnu/bin/../aarch64-none-linux-gnu/libc/usr/lib/../lib64/crti.o /opt/gcc-arm-10.2-2020.11-x86_64-aarch64-none-linux-gnu/bin/../lib/gcc/aarch64-none-linux-gnu/10.2.1/crtbegin.o -L/opt/gcc-arm-10.2-2020.11-x86_64-aarch64-none-linux-gnu/bin/../lib/gcc/aarch64-none-linux-gnu/10.2.1 -L/opt/gcc-arm-10.2-2020.11-x86_64-aarch64-none-linux-gnu/bin/../lib/gcc -L/opt/gcc-arm-10.2-2020.11-x86_64-aarch64-none-linux-gnu/bin/../lib/gcc/aarch64-none-linux-gnu/10.2.1/../../../../aarch64-none-linux-gnu/lib/../lib64 -L/opt/gcc-arm-10.2-2020.11-x86_64-aarch64-none-linux-gnu/bin/../aarch64-none-linux-gnu/libc/lib/../lib64 -L/opt/gcc-arm-10.2-2020.11-x86_64-aarch64-none-linux-gnu/bin/../aarch64-none-linux-gnu/libc/usr/lib/../lib64 -L/opt/gcc-arm-10.2-2020.11-x86_64-aarch64-none-linux-gnu/bin/../lib/gcc/aarch64-none-linux-gnu/10.2.1/../../../../aarch64-none-linux-gnu/lib -L/opt/gcc-arm-10.2-2020.11-x86_64-aarch64-none-linux-gnu/bin/../aarch64-none-linux-gnu/libc/lib -L/opt/gcc-arm-10.2-2020.11-x86_64-aarch64-none-linux-gnu/bin/../aarch64-none-linux-gnu/libc/usr/lib CMakeFiles/cmTC_6a3f8.dir/CMakeCCompilerABI.c.o -lgcc --push-state --as-needed -lgcc_s --pop-state -lc -lgcc --push-state --as-needed -lgcc_s --pop-state /opt/gcc-arm-10.2-2020.11-x86_64-aarch64-none-linux-gnu/bin/../lib/gcc/aarch64-none-linux-gnu/10.2.1/crtend.o /opt/gcc-arm-10.2-2020.11-x86_64-aarch64-none-linux-gnu/bin/../aarch64-none-linux-gnu/libc/usr/lib/../lib64/crtn.o]
    arg [/opt/gcc-arm-10.2-2020.11-x86_64-aarch64-none-linux-gnu/bin/../libexec/gcc/aarch64-none-linux-gnu/10.2.1/collect2] ==> ignore
    arg [-plugin] ==> ignore
    arg [/opt/gcc-arm-10.2-2020.11-x86_64-aarch64-none-linux-gnu/bin/../libexec/gcc/aarch64-none-linux-gnu/10.2.1/liblto_plugin.so] ==> ignore
    arg [-plugin-opt=/opt/gcc-arm-10.2-2020.11-x86_64-aarch64-none-linux-gnu/bin/../libexec/gcc/aarch64-none-linux-gnu/10.2.1/lto-wrapper] ==> ignore
    arg [-plugin-opt=-fresolution=/tmp/ccQiDOHW.res] ==> ignore
    arg [-plugin-opt=-pass-through=-lgcc] ==> ignore
    arg [-plugin-opt=-pass-through=-lgcc_s] ==> ignore
    arg [-plugin-opt=-pass-through=-lc] ==> ignore
    arg [-plugin-opt=-pass-through=-lgcc] ==> ignore
    arg [-plugin-opt=-pass-through=-lgcc_s] ==> ignore
    arg [--sysroot=/opt/gcc-arm-10.2-2020.11-x86_64-aarch64-none-linux-gnu/bin/../aarch64-none-linux-gnu/libc] ==> ignore
    arg [--eh-frame-hdr] ==> ignore
    arg [-dynamic-linker] ==> ignore
    arg [/lib/ld-linux-aarch64.so.1] ==> ignore
    arg [-X] ==> ignore
    arg [-EL] ==> ignore
    arg [-maarch64linux] ==> ignore
    arg [--fix-cortex-a53-843419] ==> ignore
    arg [-o] ==> ignore
    arg [cmTC_6a3f8] ==> ignore
    arg [/opt/gcc-arm-10.2-2020.11-x86_64-aarch64-none-linux-gnu/bin/../aarch64-none-linux-gnu/libc/usr/lib/../lib64/crt1.o] ==> ignore
    arg [/opt/gcc-arm-10.2-2020.11-x86_64-aarch64-none-linux-gnu/bin/../aarch64-none-linux-gnu/libc/usr/lib/../lib64/crti.o] ==> ignore
    arg [/opt/gcc-arm-10.2-2020.11-x86_64-aarch64-none-linux-gnu/bin/../lib/gcc/aarch64-none-linux-gnu/10.2.1/crtbegin.o] ==> ignore
    arg [-L/opt/gcc-arm-10.2-2020.11-x86_64-aarch64-none-linux-gnu/bin/../lib/gcc/aarch64-none-linux-gnu/10.2.1] ==> dir [/opt/gcc-arm-10.2-2020.11-x86_64-aarch64-none-linux-gnu/bin/../lib/gcc/aarch64-none-linux-gnu/10.2.1]
    arg [-L/opt/gcc-arm-10.2-2020.11-x86_64-aarch64-none-linux-gnu/bin/../lib/gcc] ==> dir [/opt/gcc-arm-10.2-2020.11-x86_64-aarch64-none-linux-gnu/bin/../lib/gcc]
    arg [-L/opt/gcc-arm-10.2-2020.11-x86_64-aarch64-none-linux-gnu/bin/../lib/gcc/aarch64-none-linux-gnu/10.2.1/../../../../aarch64-none-linux-gnu/lib/../lib64] ==> dir [/opt/gcc-arm-10.2-2020.11-x86_64-aarch64-none-linux-gnu/bin/../lib/gcc/aarch64-none-linux-gnu/10.2.1/../../../../aarch64-none-linux-gnu/lib/../lib64]
    arg [-L/opt/gcc-arm-10.2-2020.11-x86_64-aarch64-none-linux-gnu/bin/../aarch64-none-linux-gnu/libc/lib/../lib64] ==> dir [/opt/gcc-arm-10.2-2020.11-x86_64-aarch64-none-linux-gnu/bin/../aarch64-none-linux-gnu/libc/lib/../lib64]
    arg [-L/opt/gcc-arm-10.2-2020.11-x86_64-aarch64-none-linux-gnu/bin/../aarch64-none-linux-gnu/libc/usr/lib/../lib64] ==> dir [/opt/gcc-arm-10.2-2020.11-x86_64-aarch64-none-linux-gnu/bin/../aarch64-none-linux-gnu/libc/usr/lib/../lib64]
    arg [-L/opt/gcc-arm-10.2-2020.11-x86_64-aarch64-none-linux-gnu/bin/../lib/gcc/aarch64-none-linux-gnu/10.2.1/../../../../aarch64-none-linux-gnu/lib] ==> dir [/opt/gcc-arm-10.2-2020.11-x86_64-aarch64-none-linux-gnu/bin/../lib/gcc/aarch64-none-linux-gnu/10.2.1/../../../../aarch64-none-linux-gnu/lib]
    arg [-L/opt/gcc-arm-10.2-2020.11-x86_64-aarch64-none-linux-gnu/bin/../aarch64-none-linux-gnu/libc/lib] ==> dir [/opt/gcc-arm-10.2-2020.11-x86_64-aarch64-none-linux-gnu/bin/../aarch64-none-linux-gnu/libc/lib]
    arg [-L/opt/gcc-arm-10.2-2020.11-x86_64-aarch64-none-linux-gnu/bin/../aarch64-none-linux-gnu/libc/usr/lib] ==> dir [/opt/gcc-arm-10.2-2020.11-x86_64-aarch64-none-linux-gnu/bin/../aarch64-none-linux-gnu/libc/usr/lib]
    arg [CMakeFiles/cmTC_6a3f8.dir/CMakeCCompilerABI.c.o] ==> ignore
    arg [-lgcc] ==> lib [gcc]
    arg [--push-state] ==> ignore
    arg [--as-needed] ==> ignore
    arg [-lgcc_s] ==> lib [gcc_s]
    arg [--pop-state] ==> ignore
    arg [-lc] ==> lib [c]
    arg [-lgcc] ==> lib [gcc]
    arg [--push-state] ==> ignore
    arg [--as-needed] ==> ignore
    arg [-lgcc_s] ==> lib [gcc_s]
    arg [--pop-state] ==> ignore
    arg [/opt/gcc-arm-10.2-2020.11-x86_64-aarch64-none-linux-gnu/bin/../lib/gcc/aarch64-none-linux-gnu/10.2.1/crtend.o] ==> ignore
    arg [/opt/gcc-arm-10.2-2020.11-x86_64-aarch64-none-linux-gnu/bin/../aarch64-none-linux-gnu/libc/usr/lib/../lib64/crtn.o] ==> ignore
  collapse library dir [/opt/gcc-arm-10.2-2020.11-x86_64-aarch64-none-linux-gnu/bin/../lib/gcc/aarch64-none-linux-gnu/10.2.1] ==> [/opt/gcc-arm-10.2-2020.11-x86_64-aarch64-none-linux-gnu/lib/gcc/aarch64-none-linux-gnu/10.2.1]
  collapse library dir [/opt/gcc-arm-10.2-2020.11-x86_64-aarch64-none-linux-gnu/bin/../lib/gcc] ==> [/opt/gcc-arm-10.2-2020.11-x86_64-aarch64-none-linux-gnu/lib/gcc]
  collapse library dir [/opt/gcc-arm-10.2-2020.11-x86_64-aarch64-none-linux-gnu/bin/../lib/gcc/aarch64-none-linux-gnu/10.2.1/../../../../aarch64-none-linux-gnu/lib/../lib64] ==> [/opt/gcc-arm-10.2-2020.11-x86_64-aarch64-none-linux-gnu/aarch64-none-linux-gnu/lib64]
  collapse library dir [/opt/gcc-arm-10.2-2020.11-x86_64-aarch64-none-linux-gnu/bin/../aarch64-none-linux-gnu/libc/lib/../lib64] ==> [/opt/gcc-arm-10.2-2020.11-x86_64-aarch64-none-linux-gnu/aarch64-none-linux-gnu/libc/lib64]
  collapse library dir [/opt/gcc-arm-10.2-2020.11-x86_64-aarch64-none-linux-gnu/bin/../aarch64-none-linux-gnu/libc/usr/lib/../lib64] ==> [/opt/gcc-arm-10.2-2020.11-x86_64-aarch64-none-linux-gnu/aarch64-none-linux-gnu/libc/usr/lib64]
  collapse library dir [/opt/gcc-arm-10.2-2020.11-x86_64-aarch64-none-linux-gnu/bin/../lib/gcc/aarch64-none-linux-gnu/10.2.1/../../../../aarch64-none-linux-gnu/lib] ==> [/opt/gcc-arm-10.2-2020.11-x86_64-aarch64-none-linux-gnu/aarch64-none-linux-gnu/lib]
  collapse library dir [/opt/gcc-arm-10.2-2020.11-x86_64-aarch64-none-linux-gnu/bin/../aarch64-none-linux-gnu/libc/lib] ==> [/opt/gcc-arm-10.2-2020.11-x86_64-aarch64-none-linux-gnu/aarch64-none-linux-gnu/libc/lib]
  collapse library dir [/opt/gcc-arm-10.2-2020.11-x86_64-aarch64-none-linux-gnu/bin/../aarch64-none-linux-gnu/libc/usr/lib] ==> [/opt/gcc-arm-10.2-2020.11-x86_64-aarch64-none-linux-gnu/aarch64-none-linux-gnu/libc/usr/lib]
  implicit libs: [gcc;gcc_s;c;gcc;gcc_s]
  implicit dirs: [/opt/gcc-arm-10.2-2020.11-x86_64-aarch64-none-linux-gnu/lib/gcc/aarch64-none-linux-gnu/10.2.1;/opt/gcc-arm-10.2-2020.11-x86_64-aarch64-none-linux-gnu/lib/gcc;/opt/gcc-arm-10.2-2020.11-x86_64-aarch64-none-linux-gnu/aarch64-none-linux-gnu/lib64;/opt/gcc-arm-10.2-2020.11-x86_64-aarch64-none-linux-gnu/aarch64-none-linux-gnu/libc/lib64;/opt/gcc-arm-10.2-2020.11-x86_64-aarch64-none-linux-gnu/aarch64-none-linux-gnu/libc/usr/lib64;/opt/gcc-arm-10.2-2020.11-x86_64-aarch64-none-linux-gnu/aarch64-none-linux-gnu/lib;/opt/gcc-arm-10.2-2020.11-x86_64-aarch64-none-linux-gnu/aarch64-none-linux-gnu/libc/lib;/opt/gcc-arm-10.2-2020.11-x86_64-aarch64-none-linux-gnu/aarch64-none-linux-gnu/libc/usr/lib]
  implicit fwks: []


Determining if the CXX compiler works passed with the following output:
Change Dir: /home/apache6/apache6-sr-linux-sdk-evt1_sr_mini_v2/applications/tflite_det_app/app_build/CMakeFiles/CMakeTmp

Run Build Command(s):/usr/bin/make cmTC_00403/fast && /usr/bin/make -f CMakeFiles/cmTC_00403.dir/build.make CMakeFiles/cmTC_00403.dir/build
make[1]: Entering directory '/home/apache6/apache6-sr-linux-sdk-evt1_sr_mini_v2/applications/tflite_det_app/app_build/CMakeFiles/CMakeTmp'
Building CXX object CMakeFiles/cmTC_00403.dir/testCXXCompiler.cxx.o
/opt/gcc-arm-10.2-2020.11-x86_64-aarch64-none-linux-gnu/bin/aarch64-none-linux-gnu-g++     -o CMakeFiles/cmTC_00403.dir/testCXXCompiler.cxx.o -c /home/apache6/apache6-sr-linux-sdk-evt1_sr_mini_v2/applications/tflite_det_app/app_build/CMakeFiles/CMakeTmp/testCXXCompiler.cxx
Linking CXX executable cmTC_00403
/usr/bin/cmake -E cmake_link_script CMakeFiles/cmTC_00403.dir/link.txt --verbose=1
/opt/gcc-arm-10.2-2020.11-x86_64-aarch64-none-linux-gnu/bin/aarch64-none-linux-gnu-g++       CMakeFiles/cmTC_00403.dir/testCXXCompiler.cxx.o  -o cmTC_00403 
make[1]: Leaving directory '/home/apache6/apache6-sr-linux-sdk-evt1_sr_mini_v2/applications/tflite_det_app/app_build/CMakeFiles/CMakeTmp'



Detecting CXX compiler ABI info compiled with the following output:
Change Dir: /home/apache6/apache6-sr-linux-sdk-evt1_sr_mini_v2/applications/tflite_det_app/app_build/CMakeFiles/CMakeTmp

Run Build Command(s):/usr/bin/make cmTC_d5d4f/fast && /usr/bin/make -f CMakeFiles/cmTC_d5d4f.dir/build.make CMakeFiles/cmTC_d5d4f.dir/build
make[1]: Entering directory '/home/apache6/apache6-sr-linux-sdk-evt1_sr_mini_v2/applications/tflite_det_app/app_build/CMakeFiles/CMakeTmp'
Building CXX object CMakeFiles/cmTC_d5d4f.dir/CMakeCXXCompilerABI.cpp.o
/opt/gcc-arm-10.2-2020.11-x86_64-aarch64-none-linux-gnu/bin/aarch64-none-linux-gnu-g++    -v -o CMakeFiles/cmTC_d5d4f.dir/CMakeCXXCompilerABI.cpp.o -c /usr/share/cmake-3.16/Modules/CMakeCXXCompilerABI.cpp
Using built-in specs.
COLLECT_GCC=/opt/gcc-arm-10.2-2020.11-x86_64-aarch64-none-linux-gnu/bin/aarch64-none-linux-gnu-g++
Target: aarch64-none-linux-gnu
Configured with: /tmp/dgboter/bbs/build04--cen7x86_64/buildbot/cen7x86_64--aarch64-none-linux-gnu/build/src/gcc/configure --target=aarch64-none-linux-gnu --prefix= --with-sysroot=/aarch64-none-linux-gnu/libc --with-build-sysroot=/tmp/dgboter/bbs/build04--cen7x86_64/buildbot/cen7x86_64--aarch64-none-linux-gnu/build/build-aarch64-none-linux-gnu/install//aarch64-none-linux-gnu/libc --with-bugurl=https://bugs.linaro.org/ --enable-gnu-indirect-function --enable-shared --disable-libssp --disable-libmudflap --enable-checking=release --enable-languages=c,c++,fortran --with-gmp=/tmp/dgboter/bbs/build04--cen7x86_64/buildbot/cen7x86_64--aarch64-none-linux-gnu/build/build-aarch64-none-linux-gnu/host-tools --with-mpfr=/tmp/dgboter/bbs/build04--cen7x86_64/buildbot/cen7x86_64--aarch64-none-linux-gnu/build/build-aarch64-none-linux-gnu/host-tools --with-mpc=/tmp/dgboter/bbs/build04--cen7x86_64/buildbot/cen7x86_64--aarch64-none-linux-gnu/build/build-aarch64-none-linux-gnu/host-tools --with-isl=/tmp/dgboter/bbs/build04--cen7x86_64/buildbot/cen7x86_64--aarch64-none-linux-gnu/build/build-aarch64-none-linux-gnu/host-tools --enable-fix-cortex-a53-843419 --with-pkgversion='GNU Toolchain for the A-profile Architecture 10.2-2020.11 (arm-10.16)'
Thread model: posix
Supported LTO compression algorithms: zlib
gcc version 10.2.1 20201103 (GNU Toolchain for the A-profile Architecture 10.2-2020.11 (arm-10.16)) 
COLLECT_GCC_OPTIONS='-v' '-o' 'CMakeFiles/cmTC_d5d4f.dir/CMakeCXXCompilerABI.cpp.o' '-c' '-shared-libgcc' '-mlittle-endian' '-mabi=lp64'
 /opt/gcc-arm-10.2-2020.11-x86_64-aarch64-none-linux-gnu/bin/../libexec/gcc/aarch64-none-linux-gnu/10.2.1/cc1plus -quiet -v -iprefix /opt/gcc-arm-10.2-2020.11-x86_64-aarch64-none-linux-gnu/bin/../lib/gcc/aarch64-none-linux-gnu/10.2.1/ -isysroot /opt/gcc-arm-10.2-2020.11-x86_64-aarch64-none-linux-gnu/bin/../aarch64-none-linux-gnu/libc -D_GNU_SOURCE /usr/share/cmake-3.16/Modules/CMakeCXXCompilerABI.cpp -quiet -dumpbase CMakeCXXCompilerABI.cpp -mlittle-endian -mabi=lp64 -auxbase-strip CMakeFiles/cmTC_d5d4f.dir/CMakeCXXCompilerABI.cpp.o -version -o /tmp/ccIUTm5t.s
GNU C++14 (GNU Toolchain for the A-profile Architecture 10.2-2020.11 (arm-10.16)) version 10.2.1 20201103 (aarch64-none-linux-gnu)
	compiled by GNU C version 4.8.5 20150623 (Red Hat 4.8.5-39), GMP version 4.3.2, MPFR version 3.1.6, MPC version 1.0.3, isl version isl-0.15-1-g835ea3a-GMP

GGC heuristics: --param ggc-min-expand=100 --param ggc-min-heapsize=131072
ignoring duplicate directory "/opt/gcc-arm-10.2-2020.11-x86_64-aarch64-none-linux-gnu/bin/../lib/gcc/../../lib/gcc/aarch64-none-linux-gnu/10.2.1/../../../../aarch64-none-linux-gnu/include/c++/10.2.1"
ignoring duplicate directory "/opt/gcc-arm-10.2-2020.11-x86_64-aarch64-none-linux-gnu/bin/../lib/gcc/../../lib/gcc/aarch64-none-linux-gnu/10.2.1/../../../../aarch64-none-linux-gnu/include/c++/10.2.1/aarch64-none-linux-gnu"
ignoring duplicate directory "/opt/gcc-arm-10.2-2020.11-x86_64-aarch64-none-linux-gnu/bin/../lib/gcc/../../lib/gcc/aarch64-none-linux-gnu/10.2.1/../../../../aarch64-none-linux-gnu/include/c++/10.2.1/backward"
ignoring duplicate directory "/opt/gcc-arm-10.2-2020.11-x86_64-aarch64-none-linux-gnu/bin/../lib/gcc/../../lib/gcc/aarch64-none-linux-gnu/10.2.1/include"
ignoring nonexistent directory "/opt/gcc-arm-10.2-2020.11-x86_64-aarch64-none-linux-gnu/bin/../aarch64-none-linux-gnu/libc/usr/local/include"
ignoring duplicate directory "/opt/gcc-arm-10.2-2020.11-x86_64-aarch64-none-linux-gnu/bin/../lib/gcc/../../lib/gcc/aarch64-none-linux-gnu/10.2.1/include-fixed"
ignoring duplicate directory "/opt/gcc-arm-10.2-2020.11-x86_64-aarch64-none-linux-gnu/bin/../lib/gcc/../../lib/gcc/aarch64-none-linux-gnu/10.2.1/../../../../aarch64-none-linux-gnu/include"
#include "..." search starts here:
#include <...> search starts here:
 /opt/gcc-arm-10.2-2020.11-x86_64-aarch64-none-linux-gnu/bin/../lib/gcc/aarch64-none-linux-gnu/10.2.1/../../../../aarch64-none-linux-gnu/include/c++/10.2.1
 /opt/gcc-arm-10.2-2020.11-x86_64-aarch64-none-linux-gnu/bin/../lib/gcc/aarch64-none-linux-gnu/10.2.1/../../../../aarch64-none-linux-gnu/include/c++/10.2.1/aarch64-none-linux-gnu
 /opt/gcc-arm-10.2-2020.11-x86_64-aarch64-none-linux-gnu/bin/../lib/gcc/aarch64-none-linux-gnu/10.2.1/../../../../aarch64-none-linux-gnu/include/c++/10.2.1/backward
 /opt/gcc-arm-10.2-2020.11-x86_64-aarch64-none-linux-gnu/bin/../lib/gcc/aarch64-none-linux-gnu/10.2.1/include
 /opt/gcc-arm-10.2-2020.11-x86_64-aarch64-none-linux-gnu/bin/../lib/gcc/aarch64-none-linux-gnu/10.2.1/include-fixed
 /opt/gcc-arm-10.2-2020.11-x86_64-aarch64-none-linux-gnu/bin/../lib/gcc/aarch64-none-linux-gnu/10.2.1/../../../../aarch64-none-linux-gnu/include
 /opt/gcc-arm-10.2-2020.11-x86_64-aarch64-none-linux-gnu/bin/../aarch64-none-linux-gnu/libc/usr/include
End of search list.
GNU C++14 (GNU Toolchain for the A-profile Architecture 10.2-2020.11 (arm-10.16)) version 10.2.1 20201103 (aarch64-none-linux-gnu)
	compiled by GNU C version 4.8.5 20150623 (Red Hat 4.8.5-39), GMP version 4.3.2, MPFR version 3.1.6, MPC version 1.0.3, isl version isl-0.15-1-g835ea3a-GMP

GGC heuristics: --param ggc-min-expand=100 --param ggc-min-heapsize=131072
Compiler executable checksum: 936eda7bb9362af3c69a17a4200d3282
COLLECT_GCC_OPTIONS='-v' '-o' 'CMakeFiles/cmTC_d5d4f.dir/CMakeCXXCompilerABI.cpp.o' '-c' '-shared-libgcc' '-mlittle-endian' '-mabi=lp64'
 /opt/gcc-arm-10.2-2020.11-x86_64-aarch64-none-linux-gnu/bin/../lib/gcc/aarch64-none-linux-gnu/10.2.1/../../../../aarch64-none-linux-gnu/bin/as -v -EL -mabi=lp64 -o CMakeFiles/cmTC_d5d4f.dir/CMakeCXXCompilerABI.cpp.o /tmp/ccIUTm5t.s
GNU assembler version 2.35.1 (aarch64-none-linux-gnu) using BFD version (GNU Toolchain for the A-profile Architecture 10.2-2020.11 (arm-10.16)) 2.35.1.20201028
COMPILER_PATH=/opt/gcc-arm-10.2-2020.11-x86_64-aarch64-none-linux-gnu/bin/../libexec/gcc/aarch64-none-linux-gnu/10.2.1/:/opt/gcc-arm-10.2-2020.11-x86_64-aarch64-none-linux-gnu/bin/../libexec/gcc/:/opt/gcc-arm-10.2-2020.11-x86_64-aarch64-none-linux-gnu/bin/../lib/gcc/aarch64-none-linux-gnu/10.2.1/../../../../aarch64-none-linux-gnu/bin/
LIBRARY_PATH=/opt/gcc-arm-10.2-2020.11-x86_64-aarch64-none-linux-gnu/bin/../lib/gcc/aarch64-none-linux-gnu/10.2.1/:/opt/gcc-arm-10.2-2020.11-x86_64-aarch64-none-linux-gnu/bin/../lib/gcc/:/opt/gcc-arm-10.2-2020.11-x86_64-aarch64-none-linux-gnu/bin/../lib/gcc/aarch64-none-linux-gnu/10.2.1/../../../../aarch64-none-linux-gnu/lib/../lib64/:/opt/gcc-arm-10.2-2020.11-x86_64-aarch64-none-linux-gnu/bin/../aarch64-none-linux-gnu/libc/lib/../lib64/:/opt/gcc-arm-10.2-2020.11-x86_64-aarch64-none-linux-gnu/bin/../aarch64-none-linux-gnu/libc/usr/lib/../lib64/:/opt/gcc-arm-10.2-2020.11-x86_64-aarch64-none-linux-gnu/bin/../lib/gcc/aarch64-none-linux-gnu/10.2.1/../../../../aarch64-none-linux-gnu/lib/:/opt/gcc-arm-10.2-2020.11-x86_64-aarch64-none-linux-gnu/bin/../aarch64-none-linux-gnu/libc/lib/:/opt/gcc-arm-10.2-2020.11-x86_64-aarch64-none-linux-gnu/bin/../aarch64-none-linux-gnu/libc/usr/lib/
COLLECT_GCC_OPTIONS='-v' '-o' 'CMakeFiles/cmTC_d5d4f.dir/CMakeCXXCompilerABI.cpp.o' '-c' '-shared-libgcc' '-mlittle-endian' '-mabi=lp64'
Linking CXX executable cmTC_d5d4f
/usr/bin/cmake -E cmake_link_script CMakeFiles/cmTC_d5d4f.dir/link.txt --verbose=1
/opt/gcc-arm-10.2-2020.11-x86_64-aarch64-none-linux-gnu/bin/aarch64-none-linux-gnu-g++      -v CMakeFiles/cmTC_d5d4f.dir/CMakeCXXCompilerABI.cpp.o  -o cmTC_d5d4f 
Using built-in specs.
COLLECT_GCC=/opt/gcc-arm-10.2-2020.11-x86_64-aarch64-none-linux-gnu/bin/aarch64-none-linux-gnu-g++
COLLECT_LTO_WRAPPER=/opt/gcc-arm-10.2-2020.11-x86_64-aarch64-none-linux-gnu/bin/../libexec/gcc/aarch64-none-linux-gnu/10.2.1/lto-wrapper
Target: aarch64-none-linux-gnu
Configured with: /tmp/dgboter/bbs/build04--cen7x86_64/buildbot/cen7x86_64--aarch64-none-linux-gnu/build/src/gcc/configure --target=aarch64-none-linux-gnu --prefix= --with-sysroot=/aarch64-none-linux-gnu/libc --with-build-sysroot=/tmp/dgboter/bbs/build04--cen7x86_64/buildbot/cen7x86_64--aarch64-none-linux-gnu/build/build-aarch64-none-linux-gnu/install//aarch64-none-linux-gnu/libc --with-bugurl=https://bugs.linaro.org/ --enable-gnu-indirect-function --enable-shared --disable-libssp --disable-libmudflap --enable-checking=release --enable-languages=c,c++,fortran --with-gmp=/tmp/dgboter/bbs/build04--cen7x86_64/buildbot/cen7x86_64--aarch64-none-linux-gnu/build/build-aarch64-none-linux-gnu/host-tools --with-mpfr=/tmp/dgboter/bbs/build04--cen7x86_64/buildbot/cen7x86_64--aarch64-none-linux-gnu/build/build-aarch64-none-linux-gnu/host-tools --with-mpc=/tmp/dgboter/bbs/build04--cen7x86_64/buildbot/cen7x86_64--aarch64-none-linux-gnu/build/build-aarch64-none-linux-gnu/host-tools --with-isl=/tmp/dgboter/bbs/build04--cen7x86_64/buildbot/cen7x86_64--aarch64-none-linux-gnu/build/build-aarch64-none-linux-gnu/host-tools --enable-fix-cortex-a53-843419 --with-pkgversion='GNU Toolchain for the A-profile Architecture 10.2-2020.11 (arm-10.16)'
Thread model: posix
Supported LTO compression algorithms: zlib
gcc version 10.2.1 20201103 (GNU Toolchain for the A-profile Architecture 10.2-2020.11 (arm-10.16)) 
COMPILER_PATH=/opt/gcc-arm-10.2-2020.11-x86_64-aarch64-none-linux-gnu/bin/../libexec/gcc/aarch64-none-linux-gnu/10.2.1/:/opt/gcc-arm-10.2-2020.11-x86_64-aarch64-none-linux-gnu/bin/../libexec/gcc/:/opt/gcc-arm-10.2-2020.11-x86_64-aarch64-none-linux-gnu/bin/../lib/gcc/aarch64-none-linux-gnu/10.2.1/../../../../aarch64-none-linux-gnu/bin/
LIBRARY_PATH=/opt/gcc-arm-10.2-2020.11-x86_64-aarch64-none-linux-gnu/bin/../lib/gcc/aarch64-none-linux-gnu/10.2.1/:/opt/gcc-arm-10.2-2020.11-x86_64-aarch64-none-linux-gnu/bin/../lib/gcc/:/opt/gcc-arm-10.2-2020.11-x86_64-aarch64-none-linux-gnu/bin/../lib/gcc/aarch64-none-linux-gnu/10.2.1/../../../../aarch64-none-linux-gnu/lib/../lib64/:/opt/gcc-arm-10.2-2020.11-x86_64-aarch64-none-linux-gnu/bin/../aarch64-none-linux-gnu/libc/lib/../lib64/:/opt/gcc-arm-10.2-2020.11-x86_64-aarch64-none-linux-gnu/bin/../aarch64-none-linux-gnu/libc/usr/lib/../lib64/:/opt/gcc-arm-10.2-2020.11-x86_64-aarch64-none-linux-gnu/bin/../lib/gcc/aarch64-none-linux-gnu/10.2.1/../../../../aarch64-none-linux-gnu/lib/:/opt/gcc-arm-10.2-2020.11-x86_64-aarch64-none-linux-gnu/bin/../aarch64-none-linux-gnu/libc/lib/:/opt/gcc-arm-10.2-2020.11-x86_64-aarch64-none-linux-gnu/bin/../aarch64-none-linux-gnu/libc/usr/lib/
COLLECT_GCC_OPTIONS='-v' '-o' 'cmTC_d5d4f' '-shared-libgcc' '-mlittle-endian' '-mabi=lp64'
 /opt/gcc-arm-10.2-2020.11-x86_64-aarch64-none-linux-gnu/bin/../libexec/gcc/aarch64-none-linux-gnu/10.2.1/collect2 -plugin /opt/gcc-arm-10.2-2020.11-x86_64-aarch64-none-linux-gnu/bin/../libexec/gcc/aarch64-none-linux-gnu/10.2.1/liblto_plugin.so -plugin-opt=/opt/gcc-arm-10.2-2020.11-x86_64-aarch64-none-linux-gnu/bin/../libexec/gcc/aarch64-none-linux-gnu/10.2.1/lto-wrapper -plugin-opt=-fresolution=/tmp/ccLgOKQV.res -plugin-opt=-pass-through=-lgcc_s -plugin-opt=-pass-through=-lgcc -plugin-opt=-pass-through=-lc -plugin-opt=-pass-through=-lgcc_s -plugin-opt=-pass-through=-lgcc --sysroot=/opt/gcc-arm-10.2-2020.11-x86_64-aarch64-none-linux-gnu/bin/../aarch64-none-linux-gnu/libc --eh-frame-hdr -dynamic-linker /lib/ld-linux-aarch64.so.1 -X -EL -maarch64linux --fix-cortex-a53-843419 -o cmTC_d5d4f /opt/gcc-arm-10.2-2020.11-x86_64-aarch64-none-linux-gnu/bin/../aarch64-none-linux-gnu/libc/usr/lib/../lib64/crt1.o /opt/gcc-arm-10.2-2020.11-x86_64-aarch64-none-linux-gnu/bin/../aarch64-none-linux-gnu/libc/usr/lib/../lib64/crti.o /opt/gcc-arm-10.2-2020.11-x86_64-aarch64-none-linux-gnu/bin/../lib/gcc/aarch64-none-linux-gnu/10.2.1/crtbegin.o -L/opt/gcc-arm-10.2-2020.11-x86_64-aarch64-none-linux-gnu/bin/../lib/gcc/aarch64-none-linux-gnu/10.2.1 -L/opt/gcc-arm-10.2-2020.11-x86_64-aarch64-none-linux-gnu/bin/../lib/gcc -L/opt/gcc-arm-10.2-2020.11-x86_64-aarch64-none-linux-gnu/bin/../lib/gcc/aarch64-none-linux-gnu/10.2.1/../../../../aarch64-none-linux-gnu/lib/../lib64 -L/opt/gcc-arm-10.2-2020.11-x86_64-aarch64-none-linux-gnu/bin/../aarch64-none-linux-gnu/libc/lib/../lib64 -L/opt/gcc-arm-10.2-2020.11-x86_64-aarch64-none-linux-gnu/bin/../aarch64-none-linux-gnu/libc/usr/lib/../lib64 -L/opt/gcc-arm-10.2-2020.11-x86_64-aarch64-none-linux-gnu/bin/../lib/gcc/aarch64-none-linux-gnu/10.2.1/../../../../aarch64-none-linux-gnu/lib -L/opt/gcc-arm-10.2-2020.11-x86_64-aarch64-none-linux-gnu/bin/../aarch64-none-linux-gnu/libc/lib -L/opt/gcc-arm-10.2-2020.11-x86_64-aarch64-none-linux-gnu/bin/../aarch64-none-linux-gnu/libc/usr/lib CMakeFiles/cmTC_d5d4f.dir/CMakeCXXCompilerABI.cpp.o -lstdc++ -lm -lgcc_s -lgcc -lc -lgcc_s -lgcc /opt/gcc-arm-10.2-2020.11-x86_64-aarch64-none-linux-gnu/bin/../lib/gcc/aarch64-none-linux-gnu/10.2.1/crtend.o /opt/gcc-arm-10.2-2020.11-x86_64-aarch64-none-linux-gnu/bin/../aarch64-none-linux-gnu/libc/usr/lib/../lib64/crtn.o
COLLECT_GCC_OPTIONS='-v' '-o' 'cmTC_d5d4f' '-shared-libgcc' '-mlittle-endian' '-mabi=lp64'
make[1]: Leaving directory '/home/apache6/apache6-sr-linux-sdk-evt1_sr_mini_v2/applications/tflite_det_app/app_build/CMakeFiles/CMakeTmp'



Parsed CXX implicit include dir info from above output: rv=done
  found start of include info
  found start of implicit include info
    add: [/opt/gcc-arm-10.2-2020.11-x86_64-aarch64-none-linux-gnu/bin/../lib/gcc/aarch64-none-linux-gnu/10.2.1/../../../../aarch64-none-linux-gnu/include/c++/10.2.1]
    add: [/opt/gcc-arm-10.2-2020.11-x86_64-aarch64-none-linux-gnu/bin/../lib/gcc/aarch64-none-linux-gnu/10.2.1/../../../../aarch64-none-linux-gnu/include/c++/10.2.1/aarch64-none-linux-gnu]
    add: [/opt/gcc-arm-10.2-2020.11-x86_64-aarch64-none-linux-gnu/bin/../lib/gcc/aarch64-none-linux-gnu/10.2.1/../../../../aarch64-none-linux-gnu/include/c++/10.2.1/backward]
    add: [/opt/gcc-arm-10.2-2020.11-x86_64-aarch64-none-linux-gnu/bin/../lib/gcc/aarch64-none-linux-gnu/10.2.1/include]
    add: [/opt/gcc-arm-10.2-2020.11-x86_64-aarch64-none-linux-gnu/bin/../lib/gcc/aarch64-none-linux-gnu/10.2.1/include-fixed]
    add: [/opt/gcc-arm-10.2-2020.11-x86_64-aarch64-none-linux-gnu/bin/../lib/gcc/aarch64-none-linux-gnu/10.2.1/../../../../aarch64-none-linux-gnu/include]
    add: [/opt/gcc-arm-10.2-2020.11-x86_64-aarch64-none-linux-gnu/bin/../aarch64-none-linux-gnu/libc/usr/include]
  end of search list found
  collapse include dir [/opt/gcc-arm-10.2-2020.11-x86_64-aarch64-none-linux-gnu/bin/../lib/gcc/aarch64-none-linux-gnu/10.2.1/../../../../aarch64-none-linux-gnu/include/c++/10.2.1] ==> [/opt/gcc-arm-10.2-2020.11-x86_64-aarch64-none-linux-gnu/aarch64-none-linux-gnu/include/c++/10.2.1]
  collapse include dir [/opt/gcc-arm-10.2-2020.11-x86_64-aarch64-none-linux-gnu/bin/../lib/gcc/aarch64-none-linux-gnu/10.2.1/../../../../aarch64-none-linux-gnu/include/c++/10.2.1/aarch64-none-linux-gnu] ==> [/opt/gcc-arm-10.2-2020.11-x86_64-aarch64-none-linux-gnu/aarch64-none-linux-gnu/include/c++/10.2.1/aarch64-none-linux-gnu]
  collapse include dir [/opt/gcc-arm-10.2-2020.11-x86_64-aarch64-none-linux-gnu/bin/../lib/gcc/aarch64-none-linux-gnu/10.2.1/../../../../aarch64-none-linux-gnu/include/c++/10.2.1/backward] ==> [/opt/gcc-arm-10.2-2020.11-x86_64-aarch64-none-linux-gnu/aarch64-none-linux-gnu/include/c++/10.2.1/backward]
  collapse include dir [/opt/gcc-arm-10.2-2020.11-x86_64-aarch64-none-linux-gnu/bin/../lib/gcc/aarch64-none-linux-gnu/10.2.1/include] ==> [/opt/gcc-arm-10.2-2020.11-x86_64-aarch64-none-linux-gnu/lib/gcc/aarch64-none-linux-gnu/10.2.1/include]
  collapse include dir [/opt/gcc-arm-10.2-2020.11-x86_64-aarch64-none-linux-gnu/bin/../lib/gcc/aarch64-none-linux-gnu/10.2.1/include-fixed] ==> [/opt/gcc-arm-10.2-2020.11-x86_64-aarch64-none-linux-gnu/lib/gcc/aarch64-none-linux-gnu/10.2.1/include-fixed]
  collapse include dir [/opt/gcc-arm-10.2-2020.11-x86_64-aarch64-none-linux-gnu/bin/../lib/gcc/aarch64-none-linux-gnu/10.2.1/../../../../aarch64-none-linux-gnu/include] ==> [/opt/gcc-arm-10.2-2020.11-x86_64-aarch64-none-linux-gnu/aarch64-none-linux-gnu/include]
  collapse include dir [/opt/gcc-arm-10.2-2020.11-x86_64-aarch64-none-linux-gnu/bin/../aarch64-none-linux-gnu/libc/usr/include] ==> [/opt/gcc-arm-10.2-2020.11-x86_64-aarch64-none-linux-gnu/aarch64-none-linux-gnu/libc/usr/include]
  implicit include dirs: [/opt/gcc-arm-10.2-2020.11-x86_64-aarch64-none-linux-gnu/aarch64-none-linux-gnu/include/c++/10.2.1;/opt/gcc-arm-10.2-2020.11-x86_64-aarch64-none-linux-gnu/aarch64-none-linux-gnu/include/c++/10.2.1/aarch64-none-linux-gnu;/opt/gcc-arm-10.2-2020.11-x86_64-aarch64-none-linux-gnu/aarch64-none-linux-gnu/include/c++/10.2.1/backward;/opt/gcc-arm-10.2-2020.11-x86_64-aarch64-none-linux-gnu/lib/gcc/aarch64-none-linux-gnu/10.2.1/include;/opt/gcc-arm-10.2-2020.11-x86_64-aarch64-none-linux-gnu/lib/gcc/aarch64-none-linux-gnu/10.2.1/include-fixed;/opt/gcc-arm-10.2-2020.11-x86_64-aarch64-none-linux-gnu/aarch64-none-linux-gnu/include;/opt/gcc-arm-10.2-2020.11-x86_64-aarch64-none-linux-gnu/aarch64-none-linux-gnu/libc/usr/include]


Parsed CXX implicit link information from above output:
  link line regex: [^( *|.*[/\])(aarch64-none-linux-gnu-ld|CMAKE_LINK_STARTFILE-NOTFOUND|([^/\]+-)?ld|collect2)[^/\]*( |$)]
  ignore line: [Change Dir: /home/apache6/apache6-sr-linux-sdk-evt1_sr_mini_v2/applications/tflite_det_app/app_build/CMakeFiles/CMakeTmp]
  ignore line: []
  ignore line: [Run Build Command(s):/usr/bin/make cmTC_d5d4f/fast && /usr/bin/make -f CMakeFiles/cmTC_d5d4f.dir/build.make CMakeFiles/cmTC_d5d4f.dir/build]
  ignore line: [make[1]: Entering directory '/home/apache6/apache6-sr-linux-sdk-evt1_sr_mini_v2/applications/tflite_det_app/app_build/CMakeFiles/CMakeTmp']
  ignore line: [Building CXX object CMakeFiles/cmTC_d5d4f.dir/CMakeCXXCompilerABI.cpp.o]
  ignore line: [/opt/gcc-arm-10.2-2020.11-x86_64-aarch64-none-linux-gnu/bin/aarch64-none-linux-gnu-g++    -v -o CMakeFiles/cmTC_d5d4f.dir/CMakeCXXCompilerABI.cpp.o -c /usr/share/cmake-3.16/Modules/CMakeCXXCompilerABI.cpp]
  ignore line: [Using built-in specs.]
  ignore line: [COLLECT_GCC=/opt/gcc-arm-10.2-2020.11-x86_64-aarch64-none-linux-gnu/bin/aarch64-none-linux-gnu-g++]
  ignore line: [Target: aarch64-none-linux-gnu]
  ignore line: [Configured with: /tmp/dgboter/bbs/build04--cen7x86_64/buildbot/cen7x86_64--aarch64-none-linux-gnu/build/src/gcc/configure --target=aarch64-none-linux-gnu --prefix= --with-sysroot=/aarch64-none-linux-gnu/libc --with-build-sysroot=/tmp/dgboter/bbs/build04--cen7x86_64/buildbot/cen7x86_64--aarch64-none-linux-gnu/build/build-aarch64-none-linux-gnu/install//aarch64-none-linux-gnu/libc --with-bugurl=https://bugs.linaro.org/ --enable-gnu-indirect-function --enable-shared --disable-libssp --disable-libmudflap --enable-checking=release --enable-languages=c c++ fortran --with-gmp=/tmp/dgboter/bbs/build04--cen7x86_64/buildbot/cen7x86_64--aarch64-none-linux-gnu/build/build-aarch64-none-linux-gnu/host-tools --with-mpfr=/tmp/dgboter/bbs/build04--cen7x86_64/buildbot/cen7x86_64--aarch64-none-linux-gnu/build/build-aarch64-none-linux-gnu/host-tools --with-mpc=/tmp/dgboter/bbs/build04--cen7x86_64/buildbot/cen7x86_64--aarch64-none-linux-gnu/build/build-aarch64-none-linux-gnu/host-tools --with-isl=/tmp/dgboter/bbs/build04--cen7x86_64/buildbot/cen7x86_64--aarch64-none-linux-gnu/build/build-aarch64-none-linux-gnu/host-tools --enable-fix-cortex-a53-843419 --with-pkgversion='GNU Toolchain for the A-profile Architecture 10.2-2020.11 (arm-10.16)']
  ignore line: [Thread model: posix]
  ignore line: [Supported LTO compression algorithms: zlib]
  ignore line: [gcc version 10.2.1 20201103 (GNU Toolchain for the A-profile Architecture 10.2-2020.11 (arm-10.16)) ]
  ignore line: [COLLECT_GCC_OPTIONS='-v' '-o' 'CMakeFiles/cmTC_d5d4f.dir/CMakeCXXCompilerABI.cpp.o' '-c' '-shared-libgcc' '-mlittle-endian' '-mabi=lp64']
  ignore line: [ /opt/gcc-arm-10.2-2020.11-x86_64-aarch64-none-linux-gnu/bin/../libexec/gcc/aarch64-none-linux-gnu/10.2.1/cc1plus -quiet -v -iprefix /opt/gcc-arm-10.2-2020.11-x86_64-aarch64-none-linux-gnu/bin/../lib/gcc/aarch64-none-linux-gnu/10.2.1/ -isysroot /opt/gcc-arm-10.2-2020.11-x86_64-aarch64-none-linux-gnu/bin/../aarch64-none-linux-gnu/libc -D_GNU_SOURCE /usr/share/cmake-3.16/Modules/CMakeCXXCompilerABI.cpp -quiet -dumpbase CMakeCXXCompilerABI.cpp -mlittle-endian -mabi=lp64 -auxbase-strip CMakeFiles/cmTC_d5d4f.dir/CMakeCXXCompilerABI.cpp.o -version -o /tmp/ccIUTm5t.s]
  ignore line: [GNU C++14 (GNU Toolchain for the A-profile Architecture 10.2-2020.11 (arm-10.16)) version 10.2.1 20201103 (aarch64-none-linux-gnu)]
  ignore line: [	compiled by GNU C version 4.8.5 20150623 (Red Hat 4.8.5-39)  GMP version 4.3.2  MPFR version 3.1.6  MPC version 1.0.3  isl version isl-0.15-1-g835ea3a-GMP]
  ignore line: []
  ignore line: [GGC heuristics: --param ggc-min-expand=100 --param ggc-min-heapsize=131072]
  ignore line: [ignoring duplicate directory "/opt/gcc-arm-10.2-2020.11-x86_64-aarch64-none-linux-gnu/bin/../lib/gcc/../../lib/gcc/aarch64-none-linux-gnu/10.2.1/../../../../aarch64-none-linux-gnu/include/c++/10.2.1"]
  ignore line: [ignoring duplicate directory "/opt/gcc-arm-10.2-2020.11-x86_64-aarch64-none-linux-gnu/bin/../lib/gcc/../../lib/gcc/aarch64-none-linux-gnu/10.2.1/../../../../aarch64-none-linux-gnu/include/c++/10.2.1/aarch64-none-linux-gnu"]
  ignore line: [ignoring duplicate directory "/opt/gcc-arm-10.2-2020.11-x86_64-aarch64-none-linux-gnu/bin/../lib/gcc/../../lib/gcc/aarch64-none-linux-gnu/10.2.1/../../../../aarch64-none-linux-gnu/include/c++/10.2.1/backward"]
  ignore line: [ignoring duplicate directory "/opt/gcc-arm-10.2-2020.11-x86_64-aarch64-none-linux-gnu/bin/../lib/gcc/../../lib/gcc/aarch64-none-linux-gnu/10.2.1/include"]
  ignore line: [ignoring nonexistent directory "/opt/gcc-arm-10.2-2020.11-x86_64-aarch64-none-linux-gnu/bin/../aarch64-none-linux-gnu/libc/usr/local/include"]
  ignore line: [ignoring duplicate directory "/opt/gcc-arm-10.2-2020.11-x86_64-aarch64-none-linux-gnu/bin/../lib/gcc/../../lib/gcc/aarch64-none-linux-gnu/10.2.1/include-fixed"]
  ignore line: [ignoring duplicate directory "/opt/gcc-arm-10.2-2020.11-x86_64-aarch64-none-linux-gnu/bin/../lib/gcc/../../lib/gcc/aarch64-none-linux-gnu/10.2.1/../../../../aarch64-none-linux-gnu/include"]
  ignore line: [#include "..." search starts here:]
  ignore line: [#include <...> search starts here:]
  ignore line: [ /opt/gcc-arm-10.2-2020.11-x86_64-aarch64-none-linux-gnu/bin/../lib/gcc/aarch64-none-linux-gnu/10.2.1/../../../../aarch64-none-linux-gnu/include/c++/10.2.1]
  ignore line: [ /opt/gcc-arm-10.2-2020.11-x86_64-aarch64-none-linux-gnu/bin/../lib/gcc/aarch64-none-linux-gnu/10.2.1/../../../../aarch64-none-linux-gnu/include/c++/10.2.1/aarch64-none-linux-gnu]
  ignore line: [ /opt/gcc-arm-10.2-2020.11-x86_64-aarch64-none-linux-gnu/bin/../lib/gcc/aarch64-none-linux-gnu/10.2.1/../../../../aarch64-none-linux-gnu/include/c++/10.2.1/backward]
  ignore line: [ /opt/gcc-arm-10.2-2020.11-x86_64-aarch64-none-linux-gnu/bin/../lib/gcc/aarch64-none-linux-gnu/10.2.1/include]
  ignore line: [ /opt/gcc-arm-10.2-2020.11-x86_64-aarch64-none-linux-gnu/bin/../lib/gcc/aarch64-none-linux-gnu/10.2.1/include-fixed]
  ignore line: [ /opt/gcc-arm-10.2-2020.11-x86_64-aarch64-none-linux-gnu/bin/../lib/gcc/aarch64-none-linux-gnu/10.2.1/../../../../aarch64-none-linux-gnu/include]
  ignore line: [ /opt/gcc-arm-10.2-2020.11-x86_64-aarch64-none-linux-gnu/bin/../aarch64-none-linux-gnu/libc/usr/include]
  ignore line: [End of search list.]
  ignore line: [GNU C++14 (GNU Toolchain for the A-profile Architecture 10.2-2020.11 (arm-10.16)) version 10.2.1 20201103 (aarch64-none-linux-gnu)]
  ignore line: [	compiled by GNU C version 4.8.5 20150623 (Red Hat 4.8.5-39)  GMP version 4.3.2  MPFR version 3.1.6  MPC version 1.0.3  isl version isl-0.15-1-g835ea3a-GMP]
  ignore line: []
  ignore line: [GGC heuristics: --param ggc-min-expand=100 --param ggc-min-heapsize=131072]
  ignore line: [Compiler executable checksum: 936eda7bb9362af3c69a17a4200d3282]
  ignore line: [COLLECT_GCC_OPTIONS='-v' '-o' 'CMakeFiles/cmTC_d5d4f.dir/CMakeCXXCompilerABI.cpp.o' '-c' '-shared-libgcc' '-mlittle-endian' '-mabi=lp64']
  ignore line: [ /opt/gcc-arm-10.2-2020.11-x86_64-aarch64-none-linux-gnu/bin/../lib/gcc/aarch64-none-linux-gnu/10.2.1/../../../../aarch64-none-linux-gnu/bin/as -v -EL -mabi=lp64 -o CMakeFiles/cmTC_d5d4f.dir/CMakeCXXCompilerABI.cpp.o /tmp/ccIUTm5t.s]
  ignore line: [GNU assembler version 2.35.1 (aarch64-none-linux-gnu) using BFD version (GNU Toolchain for the A-profile Architecture 10.2-2020.11 (arm-10.16)) 2.35.1.20201028]
  ignore line: [COMPILER_PATH=/opt/gcc-arm-10.2-2020.11-x86_64-aarch64-none-linux-gnu/bin/../libexec/gcc/aarch64-none-linux-gnu/10.2.1/:/opt/gcc-arm-10.2-2020.11-x86_64-aarch64-none-linux-gnu/bin/../libexec/gcc/:/opt/gcc-arm-10.2-2020.11-x86_64-aarch64-none-linux-gnu/bin/../lib/gcc/aarch64-none-linux-gnu/10.2.1/../../../../aarch64-none-linux-gnu/bin/]
  ignore line: [LIBRARY_PATH=/opt/gcc-arm-10.2-2020.11-x86_64-aarch64-none-linux-gnu/bin/../lib/gcc/aarch64-none-linux-gnu/10.2.1/:/opt/gcc-arm-10.2-2020.11-x86_64-aarch64-none-linux-gnu/bin/../lib/gcc/:/opt/gcc-arm-10.2-2020.11-x86_64-aarch64-none-linux-gnu/bin/../lib/gcc/aarch64-none-linux-gnu/10.2.1/../../../../aarch64-none-linux-gnu/lib/../lib64/:/opt/gcc-arm-10.2-2020.11-x86_64-aarch64-none-linux-gnu/bin/../aarch64-none-linux-gnu/libc/lib/../lib64/:/opt/gcc-arm-10.2-2020.11-x86_64-aarch64-none-linux-gnu/bin/../aarch64-none-linux-gnu/libc/usr/lib/../lib64/:/opt/gcc-arm-10.2-2020.11-x86_64-aarch64-none-linux-gnu/bin/../lib/gcc/aarch64-none-linux-gnu/10.2.1/../../../../aarch64-none-linux-gnu/lib/:/opt/gcc-arm-10.2-2020.11-x86_64-aarch64-none-linux-gnu/bin/../aarch64-none-linux-gnu/libc/lib/:/opt/gcc-arm-10.2-2020.11-x86_64-aarch64-none-linux-gnu/bin/../aarch64-none-linux-gnu/libc/usr/lib/]
  ignore line: [COLLECT_GCC_OPTIONS='-v' '-o' 'CMakeFiles/cmTC_d5d4f.dir/CMakeCXXCompilerABI.cpp.o' '-c' '-shared-libgcc' '-mlittle-endian' '-mabi=lp64']
  ignore line: [Linking CXX executable cmTC_d5d4f]
  ignore line: [/usr/bin/cmake -E cmake_link_script CMakeFiles/cmTC_d5d4f.dir/link.txt --verbose=1]
  ignore line: [/opt/gcc-arm-10.2-2020.11-x86_64-aarch64-none-linux-gnu/bin/aarch64-none-linux-gnu-g++      -v CMakeFiles/cmTC_d5d4f.dir/CMakeCXXCompilerABI.cpp.o  -o cmTC_d5d4f ]
  ignore line: [Using built-in specs.]
  ignore line: [COLLECT_GCC=/opt/gcc-arm-10.2-2020.11-x86_64-aarch64-none-linux-gnu/bin/aarch64-none-linux-gnu-g++]
  ignore line: [COLLECT_LTO_WRAPPER=/opt/gcc-arm-10.2-2020.11-x86_64-aarch64-none-linux-gnu/bin/../libexec/gcc/aarch64-none-linux-gnu/10.2.1/lto-wrapper]
  ignore line: [Target: aarch64-none-linux-gnu]
  ignore line: [Configured with: /tmp/dgboter/bbs/build04--cen7x86_64/buildbot/cen7x86_64--aarch64-none-linux-gnu/build/src/gcc/configure --target=aarch64-none-linux-gnu --prefix= --with-sysroot=/aarch64-none-linux-gnu/libc --with-build-sysroot=/tmp/dgboter/bbs/build04--cen7x86_64/buildbot/cen7x86_64--aarch64-none-linux-gnu/build/build-aarch64-none-linux-gnu/install//aarch64-none-linux-gnu/libc --with-bugurl=https://bugs.linaro.org/ --enable-gnu-indirect-function --enable-shared --disable-libssp --disable-libmudflap --enable-checking=release --enable-languages=c c++ fortran --with-gmp=/tmp/dgboter/bbs/build04--cen7x86_64/buildbot/cen7x86_64--aarch64-none-linux-gnu/build/build-aarch64-none-linux-gnu/host-tools --with-mpfr=/tmp/dgboter/bbs/build04--cen7x86_64/buildbot/cen7x86_64--aarch64-none-linux-gnu/build/build-aarch64-none-linux-gnu/host-tools --with-mpc=/tmp/dgboter/bbs/build04--cen7x86_64/buildbot/cen7x86_64--aarch64-none-linux-gnu/build/build-aarch64-none-linux-gnu/host-tools --with-isl=/tmp/dgboter/bbs/build04--cen7x86_64/buildbot/cen7x86_64--aarch64-none-linux-gnu/build/build-aarch64-none-linux-gnu/host-tools --enable-fix-cortex-a53-843419 --with-pkgversion='GNU Toolchain for the A-profile Architecture 10.2-2020.11 (arm-10.16)']
  ignore line: [Thread model: posix]
  ignore line: [Supported LTO compression algorithms: zlib]
  ignore line: [gcc version 10.2.1 20201103 (GNU Toolchain for the A-profile Architecture 10.2-2020.11 (arm-10.16)) ]
  ignore line: [COMPILER_PATH=/opt/gcc-arm-10.2-2020.11-x86_64-aarch64-none-linux-gnu/bin/../libexec/gcc/aarch64-none-linux-gnu/10.2.1/:/opt/gcc-arm-10.2-2020.11-x86_64-aarch64-none-linux-gnu/bin/../libexec/gcc/:/opt/gcc-arm-10.2-2020.11-x86_64-aarch64-none-linux-gnu/bin/../lib/gcc/aarch64-none-linux-gnu/10.2.1/../../../../aarch64-none-linux-gnu/bin/]
  ignore line: [LIBRARY_PATH=/opt/gcc-arm-10.2-2020.11-x86_64-aarch64-none-linux-gnu/bin/../lib/gcc/aarch64-none-linux-gnu/10.2.1/:/opt/gcc-arm-10.2-2020.11-x86_64-aarch64-none-linux-gnu/bin/../lib/gcc/:/opt/gcc-arm-10.2-2020.11-x86_64-aarch64-none-linux-gnu/bin/../lib/gcc/aarch64-none-linux-gnu/10.2.1/../../../../aarch64-none-linux-gnu/lib/../lib64/:/opt/gcc-arm-10.2-2020.11-x86_64-aarch64-none-linux-gnu/bin/../aarch64-none-linux-gnu/libc/lib/../lib64/:/opt/gcc-arm-10.2-2020.11-x86_64-aarch64-none-linux-gnu/bin/../aarch64-none-linux-gnu/libc/usr/lib/../lib64/:/opt/gcc-arm-10.2-2020.11-x86_64-aarch64-none-linux-gnu/bin/../lib/gcc/aarch64-none-linux-gnu/10.2.1/../../../../aarch64-none-linux-gnu/lib/:/opt/gcc-arm-10.2-2020.11-x86_64-aarch64-none-linux-gnu/bin/../aarch64-none-linux-gnu/libc/lib/:/opt/gcc-arm-10.2-2020.11-x86_64-aarch64-none-linux-gnu/bin/../aarch64-none-linux-gnu/libc/usr/lib/]
  ignore line: [COLLECT_GCC_OPTIONS='-v' '-o' 'cmTC_d5d4f' '-shared-libgcc' '-mlittle-endian' '-mabi=lp64']
  link line: [ /opt/gcc-arm-10.2-2020.11-x86_64-aarch64-none-linux-gnu/bin/../libexec/gcc/aarch64-none-linux-gnu/10.2.1/collect2 -plugin /opt/gcc-arm-10.2-2020.11-x86_64-aarch64-none-linux-gnu/bin/../libexec/gcc/aarch64-none-linux-gnu/10.2.1/liblto_plugin.so -plugin-opt=/opt/gcc-arm-10.2-2020.11-x86_64-aarch64-none-linux-gnu/bin/../libexec/gcc/aarch64-none-linux-gnu/10.2.1/lto-wrapper -plugin-opt=-fresolution=/tmp/ccLgOKQV.res -plugin-opt=-pass-through=-lgcc_s -plugin-opt=-pass-through=-lgcc -plugin-opt=-pass-through=-lc -plugin-opt=-pass-through=-lgcc_s -plugin-opt=-pass-through=-lgcc --sysroot=/opt/gcc-arm-10.2-2020.11-x86_64-aarch64-none-linux-gnu/bin/../aarch64-none-linux-gnu/libc --eh-frame-hdr -dynamic-linker /lib/ld-linux-aarch64.so.1 -X -EL -maarch64linux --fix-cortex-a53-843419 -o cmTC_d5d4f /opt/gcc-arm-10.2-2020.11-x86_64-aarch64-none-linux-gnu/bin/../aarch64-none-linux-gnu/libc/usr/lib/../lib64/crt1.o /opt/gcc-arm-10.2-2020.11-x86_64-aarch64-none-linux-gnu/bin/../aarch64-none-linux-gnu/libc/usr/lib/../lib64/crti.o /opt/gcc-arm-10.2-2020.11-x86_64-aarch64-none-linux-gnu/bin/../lib/gcc/aarch64-none-linux-gnu/10.2.1/crtbegin.o -L/opt/gcc-arm-10.2-2020.11-x86_64-aarch64-none-linux-gnu/bin/../lib/gcc/aarch64-none-linux-gnu/10.2.1 -L/opt/gcc-arm-10.2-2020.11-x86_64-aarch64-none-linux-gnu/bin/../lib/gcc -L/opt/gcc-arm-10.2-2020.11-x86_64-aarch64-none-linux-gnu/bin/../lib/gcc/aarch64-none-linux-gnu/10.2.1/../../../../aarch64-none-linux-gnu/lib/../lib64 -L/opt/gcc-arm-10.2-2020.11-x86_64-aarch64-none-linux-gnu/bin/../aarch64-none-linux-gnu/libc/lib/../lib64 -L/opt/gcc-arm-10.2-2020.11-x86_64-aarch64-none-linux-gnu/bin/../aarch64-none-linux-gnu/libc/usr/lib/../lib64 -L/opt/gcc-arm-10.2-2020.11-x86_64-aarch64-none-linux-gnu/bin/../lib/gcc/aarch64-none-linux-gnu/10.2.1/../../../../aarch64-none-linux-gnu/lib -L/opt/gcc-arm-10.2-2020.11-x86_64-aarch64-none-linux-gnu/bin/../aarch64-none-linux-gnu/libc/lib -L/opt/gcc-arm-10.2-2020.11-x86_64-aarch64-none-linux-gnu/bin/../aarch64-none-linux-gnu/libc/usr/lib CMakeFiles/cmTC_d5d4f.dir/CMakeCXXCompilerABI.cpp.o -lstdc++ -lm -lgcc_s -lgcc -lc -lgcc_s -lgcc /opt/gcc-arm-10.2-2020.11-x86_64-aarch64-none-linux-gnu/bin/../lib/gcc/aarch64-none-linux-gnu/10.2.1/crtend.o /opt/gcc-arm-10.2-2020.11-x86_64-aarch64-none-linux-gnu/bin/../aarch64-none-linux-gnu/libc/usr/lib/../lib64/crtn.o]
    arg [/opt/gcc-arm-10.2-2020.11-x86_64-aarch64-none-linux-gnu/bin/../libexec/gcc/aarch64-none-linux-gnu/10.2.1/collect2] ==> ignore
    arg [-plugin] ==> ignore
    arg [/opt/gcc-arm-10.2-2020.11-x86_64-aarch64-none-linux-gnu/bin/../libexec/gcc/aarch64-none-linux-gnu/10.2.1/liblto_plugin.so] ==> ignore
    arg [-plugin-opt=/opt/gcc-arm-10.2-2020.11-x86_64-aarch64-none-linux-gnu/bin/../libexec/gcc/aarch64-none-linux-gnu/10.2.1/lto-wrapper] ==> ignore
    arg [-plugin-opt=-fresolution=/tmp/ccLgOKQV.res] ==> ignore
    arg [-plugin-opt=-pass-through=-lgcc_s] ==> ignore
    arg [-plugin-opt=-pass-through=-lgcc] ==> ignore
    arg [-plugin-opt=-pass-through=-lc] ==> ignore
    arg [-plugin-opt=-pass-through=-lgcc_s] ==> ignore
    arg [-plugin-opt=-pass-through=-lgcc] ==> ignore
    arg [--sysroot=/opt/gcc-arm-10.2-2020.11-x86_64-aarch64-none-linux-gnu/bin/../aarch64-none-linux-gnu/libc] ==> ignore
    arg [--eh-frame-hdr] ==> ignore
    arg [-dynamic-linker] ==> ignore
    arg [/lib/ld-linux-aarch64.so.1] ==> ignore
    arg [-X] ==> ignore
    arg [-EL] ==> ignore
    arg [-maarch64linux] ==> ignore
    arg [--fix-cortex-a53-843419] ==> ignore
    arg [-o] ==> ignore
    arg [cmTC_d5d4f] ==> ignore
    arg [/opt/gcc-arm-10.2-2020.11-x86_64-aarch64-none-linux-gnu/bin/../aarch64-none-linux-gnu/libc/usr/lib/../lib64/crt1.o] ==> ignore
    arg [/opt/gcc-arm-10.2-2020.11-x86_64-aarch64-none-linux-gnu/bin/../aarch64-none-linux-gnu/libc/usr/lib/../lib64/crti.o] ==> ignore
    arg [/opt/gcc-arm-10.2-2020.11-x86_64-aarch64-none-linux-gnu/bin/../lib/gcc/aarch64-none-linux-gnu/10.2.1/crtbegin.o] ==> ignore
    arg [-L/opt/gcc-arm-10.2-2020.11-x86_64-aarch64-none-linux-gnu/bin/../lib/gcc/aarch64-none-linux-gnu/10.2.1] ==> dir [/opt/gcc-arm-10.2-2020.11-x86_64-aarch64-none-linux-gnu/bin/../lib/gcc/aarch64-none-linux-gnu/10.2.1]
    arg [-L/opt/gcc-arm-10.2-2020.11-x86_64-aarch64-none-linux-gnu/bin/../lib/gcc] ==> dir [/opt/gcc-arm-10.2-2020.11-x86_64-aarch64-none-linux-gnu/bin/../lib/gcc]
    arg [-L/opt/gcc-arm-10.2-2020.11-x86_64-aarch64-none-linux-gnu/bin/../lib/gcc/aarch64-none-linux-gnu/10.2.1/../../../../aarch64-none-linux-gnu/lib/../lib64] ==> dir [/opt/gcc-arm-10.2-2020.11-x86_64-aarch64-none-linux-gnu/bin/../lib/gcc/aarch64-none-linux-gnu/10.2.1/../../../../aarch64-none-linux-gnu/lib/../lib64]
    arg [-L/opt/gcc-arm-10.2-2020.11-x86_64-aarch64-none-linux-gnu/bin/../aarch64-none-linux-gnu/libc/lib/../lib64] ==> dir [/opt/gcc-arm-10.2-2020.11-x86_64-aarch64-none-linux-gnu/bin/../aarch64-none-linux-gnu/libc/lib/../lib64]
    arg [-L/opt/gcc-arm-10.2-2020.11-x86_64-aarch64-none-linux-gnu/bin/../aarch64-none-linux-gnu/libc/usr/lib/../lib64] ==> dir [/opt/gcc-arm-10.2-2020.11-x86_64-aarch64-none-linux-gnu/bin/../aarch64-none-linux-gnu/libc/usr/lib/../lib64]
    arg [-L/opt/gcc-arm-10.2-2020.11-x86_64-aarch64-none-linux-gnu/bin/../lib/gcc/aarch64-none-linux-gnu/10.2.1/../../../../aarch64-none-linux-gnu/lib] ==> dir [/opt/gcc-arm-10.2-2020.11-x86_64-aarch64-none-linux-gnu/bin/../lib/gcc/aarch64-none-linux-gnu/10.2.1/../../../../aarch64-none-linux-gnu/lib]
    arg [-L/opt/gcc-arm-10.2-2020.11-x86_64-aarch64-none-linux-gnu/bin/../aarch64-none-linux-gnu/libc/lib] ==> dir [/opt/gcc-arm-10.2-2020.11-x86_64-aarch64-none-linux-gnu/bin/../aarch64-none-linux-gnu/libc/lib]
    arg [-L/opt/gcc-arm-10.2-2020.11-x86_64-aarch64-none-linux-gnu/bin/../aarch64-none-linux-gnu/libc/usr/lib] ==> dir [/opt/gcc-arm-10.2-2020.11-x86_64-aarch64-none-linux-gnu/bin/../aarch64-none-linux-gnu/libc/usr/lib]
    arg [CMakeFiles/cmTC_d5d4f.dir/CMakeCXXCompilerABI.cpp.o] ==> ignore
    arg [-lstdc++] ==> lib [stdc++]
    arg [-lm] ==> lib [m]
    arg [-lgcc_s] ==> lib [gcc_s]
    arg [-lgcc] ==> lib [gcc]
    arg [-lc] ==> lib [c]
    arg [-lgcc_s] ==> lib [gcc_s]
    arg [-lgcc] ==> lib [gcc]
    arg [/opt/gcc-arm-10.2-2020.11-x86_64-aarch64-none-linux-gnu/bin/../lib/gcc/aarch64-none-linux-gnu/10.2.1/crtend.o] ==> ignore
    arg [/opt/gcc-arm-10.2-2020.11-x86_64-aarch64-none-linux-gnu/bin/../aarch64-none-linux-gnu/libc/usr/lib/../lib64/crtn.o] ==> ignore
  collapse library dir [/opt/gcc-arm-10.2-2020.11-x86_64-aarch64-none-linux-gnu/bin/../lib/gcc/aarch64-none-linux-gnu/10.2.1] ==> [/opt/gcc-arm-10.2-2020.11-x86_64-aarch64-none-linux-gnu/lib/gcc/aarch64-none-linux-gnu/10.2.1]
  collapse library dir [/opt/gcc-arm-10.2-2020.11-x86_64-aarch64-none-linux-gnu/bin/../lib/gcc] ==> [/opt/gcc-arm-10.2-2020.11-x86_64-aarch64-none-linux-gnu/lib/gcc]
  collapse library dir [/opt/gcc-arm-10.2-2020.11-x86_64-aarch64-none-linux-gnu/bin/../lib/gcc/aarch64-none-linux-gnu/10.2.1/../../../../aarch64-none-linux-gnu/lib/../lib64] ==> [/opt/gcc-arm-10.2-2020.11-x86_64-aarch64-none-linux-gnu/aarch64-none-linux-gnu/lib64]
  collapse library dir [/opt/gcc-arm-10.2-2020.11-x86_64-aarch64-none-linux-gnu/bin/../aarch64-none-linux-gnu/libc/lib/../lib64] ==> [/opt/gcc-arm-10.2-2020.11-x86_64-aarch64-none-linux-gnu/aarch64-none-linux-gnu/libc/lib64]
  collapse library dir [/opt/gcc-arm-10.2-2020.11-x86_64-aarch64-none-linux-gnu/bin/../aarch64-none-linux-gnu/libc/usr/lib/../lib64] ==> [/opt/gcc-arm-10.2-2020.11-x86_64-aarch64-none-linux-gnu/aarch64-none-linux-gnu/libc/usr/lib64]
  collapse library dir [/opt/gcc-arm-10.2-2020.11-x86_64-aarch64-none-linux-gnu/bin/../lib/gcc/aarch64-none-linux-gnu/10.2.1/../../../../aarch64-none-linux-gnu/lib] ==> [/opt/gcc-arm-10.2-2020.11-x86_64-aarch64-none-linux-gnu/aarch64-none-linux-gnu/lib]
  collapse library dir [/opt/gcc-arm-10.2-2020.11-x86_64-aarch64-none-linux-gnu/bin/../aarch64-none-linux-gnu/libc/lib] ==> [/opt/gcc-arm-10.2-2020.11-x86_64-aarch64-none-linux-gnu/aarch64-none-linux-gnu/libc/lib]
  collapse library dir [/opt/gcc-arm-10.2-2020.11-x86_64-aarch64-none-linux-gnu/bin/../aarch64-none-linux-gnu/libc/usr/lib] ==> [/opt/gcc-arm-10.2-2020.11-x86_64-aarch64-none-linux-gnu/aarch64-none-linux-gnu/libc/usr/lib]
  implicit libs: [stdc++;m;gcc_s;gcc;c;gcc_s;gcc]
  implicit dirs: [/opt/gcc-arm-10.2-2020.11-x86_64-aarch64-none-linux-gnu/lib/gcc/aarch64-none-linux-gnu/10.2.1;/opt/gcc-arm-10.2-2020.11-x86_64-aarch64-none-linux-gnu/lib/gcc;/opt/gcc-arm-10.2-2020.11-x86_64-aarch64-none-linux-gnu/aarch64-none-linux-gnu/lib64;/opt/gcc-arm-10.2-2020.11-x86_64-aarch64-none-linux-gnu/aarch64-none-linux-gnu/libc/lib64;/opt/gcc-arm-10.2-2020.11-x86_64-aarch64-none-linux-gnu/aarch64-none-linux-gnu/libc/usr/lib64;/opt/gcc-arm-10.2-2020.11-x86_64-aarch64-none-linux-gnu/aarch64-none-linux-gnu/lib;/opt/gcc-arm-10.2-2020.11-x86_64-aarch64-none-linux-gnu/aarch64-none-linux-gnu/libc/lib;/opt/gcc-arm-10.2-2020.11-x86_64-aarch64-none-linux-gnu/aarch64-none-linux-gnu/libc/usr/lib]
  implicit fwks: []


